2017-01-22 22:33:39,558 [com.opensymphony.xwork2.config.providers.XmlConfigurationProvider]-[INFO] Parsing configuration file [struts-default.xml]
2017-01-22 22:33:39,623 [com.opensymphony.xwork2.config.providers.XmlConfigurationProvider]-[INFO] Unable to locate configuration files of the name struts-plugin.xml, skipping
2017-01-22 22:33:39,624 [com.opensymphony.xwork2.config.providers.XmlConfigurationProvider]-[INFO] Parsing configuration file [struts-plugin.xml]
2017-01-22 22:33:39,704 [com.opensymphony.xwork2.config.providers.XmlConfigurationProvider]-[INFO] Parsing configuration file [struts.xml]
2017-01-22 22:33:39,708 [com.opensymphony.xwork2.config.impl.DefaultConfiguration]-[INFO] Overriding property struts.i18n.reload - old value: false new value: true
2017-01-22 22:33:39,960 [org.apache.struts2.dispatcher.Dispatcher]-[ERROR] Dispatcher initialization failed
Unable to load configuration. - action - file:/D:/Workspaces/blog-admin/target/classes/indexBean.xml:8:62
	at com.opensymphony.xwork2.config.ConfigurationManager.getConfiguration(ConfigurationManager.java:58)
	at org.apache.struts2.dispatcher.Dispatcher.init_PreloadConfiguration(Dispatcher.java:374)
	at org.apache.struts2.dispatcher.Dispatcher.init(Dispatcher.java:418)
	at org.apache.struts2.dispatcher.ng.InitOperations.initDispatcher(InitOperations.java:69)
	at org.apache.struts2.dispatcher.ng.filter.StrutsPrepareAndExecuteFilter.init(StrutsPrepareAndExecuteFilter.java:51)
	at org.eclipse.jetty.servlet.FilterHolder.doStart(FilterHolder.java:119)
	at org.eclipse.jetty.util.component.AbstractLifeCycle.start(AbstractLifeCycle.java:64)
	at org.eclipse.jetty.servlet.ServletHandler.initialize(ServletHandler.java:724)
	at org.eclipse.jetty.servlet.ServletContextHandler.startContext(ServletContextHandler.java:265)
	at org.eclipse.jetty.webapp.WebAppContext.startContext(WebAppContext.java:1250)
	at org.eclipse.jetty.server.handler.ContextHandler.doStart(ContextHandler.java:706)
	at org.eclipse.jetty.webapp.WebAppContext.doStart(WebAppContext.java:492)
	at org.mortbay.jetty.plugin.JettyWebAppContext.doStart(JettyWebAppContext.java:293)
	at org.eclipse.jetty.util.component.AbstractLifeCycle.start(AbstractLifeCycle.java:64)
	at org.eclipse.jetty.server.handler.HandlerCollection.doStart(HandlerCollection.java:229)
	at org.eclipse.jetty.server.handler.ContextHandlerCollection.doStart(ContextHandlerCollection.java:172)
	at org.eclipse.jetty.util.component.AbstractLifeCycle.start(AbstractLifeCycle.java:64)
	at org.eclipse.jetty.server.handler.HandlerCollection.doStart(HandlerCollection.java:229)
	at org.eclipse.jetty.util.component.AbstractLifeCycle.start(AbstractLifeCycle.java:64)
	at org.eclipse.jetty.server.handler.HandlerWrapper.doStart(HandlerWrapper.java:95)
	at org.eclipse.jetty.server.Server.doStart(Server.java:277)
	at org.mortbay.jetty.plugin.JettyServer.doStart(JettyServer.java:65)
	at org.eclipse.jetty.util.component.AbstractLifeCycle.start(AbstractLifeCycle.java:64)
	at org.mortbay.jetty.plugin.AbstractJettyMojo.startJetty(AbstractJettyMojo.java:511)
	at org.mortbay.jetty.plugin.AbstractJettyMojo.execute(AbstractJettyMojo.java:364)
	at org.mortbay.jetty.plugin.JettyRunMojo.execute(JettyRunMojo.java:523)
	at org.apache.maven.plugin.DefaultBuildPluginManager.executeMojo(DefaultBuildPluginManager.java:134)
	at org.apache.maven.lifecycle.internal.MojoExecutor.execute(MojoExecutor.java:207)
	at org.apache.maven.lifecycle.internal.MojoExecutor.execute(MojoExecutor.java:153)
	at org.apache.maven.lifecycle.internal.MojoExecutor.execute(MojoExecutor.java:145)
	at org.apache.maven.lifecycle.internal.LifecycleModuleBuilder.buildProject(LifecycleModuleBuilder.java:116)
	at org.apache.maven.lifecycle.internal.LifecycleModuleBuilder.buildProject(LifecycleModuleBuilder.java:80)
	at org.apache.maven.lifecycle.internal.builder.singlethreaded.SingleThreadedBuilder.build(SingleThreadedBuilder.java:51)
	at org.apache.maven.lifecycle.internal.LifecycleStarter.execute(LifecycleStarter.java:128)
	at org.apache.maven.DefaultMaven.doExecute(DefaultMaven.java:307)
	at org.apache.maven.DefaultMaven.doExecute(DefaultMaven.java:193)
	at org.apache.maven.DefaultMaven.execute(DefaultMaven.java:106)
	at org.apache.maven.cli.MavenCli.execute(MavenCli.java:863)
	at org.apache.maven.cli.MavenCli.doMain(MavenCli.java:288)
	at org.apache.maven.cli.MavenCli.main(MavenCli.java:199)
	at sun.reflect.NativeMethodAccessorImpl.invoke0(Native Method)
	at sun.reflect.NativeMethodAccessorImpl.invoke(NativeMethodAccessorImpl.java:57)
	at sun.reflect.DelegatingMethodAccessorImpl.invoke(DelegatingMethodAccessorImpl.java:43)
	at java.lang.reflect.Method.invoke(Method.java:606)
	at org.codehaus.plexus.classworlds.launcher.Launcher.launchEnhanced(Launcher.java:289)
	at org.codehaus.plexus.classworlds.launcher.Launcher.launch(Launcher.java:229)
	at org.codehaus.plexus.classworlds.launcher.Launcher.mainWithExitCode(Launcher.java:415)
	at org.codehaus.plexus.classworlds.launcher.Launcher.main(Launcher.java:356)
Caused by: Action class [userAction] not found - action - file:/D:/Workspaces/blog-admin/target/classes/indexBean.xml:8:62
	at com.opensymphony.xwork2.config.providers.XmlConfigurationProvider.verifyAction(XmlConfigurationProvider.java:409)
	at com.opensymphony.xwork2.config.providers.XmlConfigurationProvider.addAction(XmlConfigurationProvider.java:354)
	at com.opensymphony.xwork2.config.providers.XmlConfigurationProvider.addPackage(XmlConfigurationProvider.java:468)
	at com.opensymphony.xwork2.config.providers.XmlConfigurationProvider.reloadRequiredPackages(XmlConfigurationProvider.java:290)
	at com.opensymphony.xwork2.config.providers.XmlConfigurationProvider.loadPackages(XmlConfigurationProvider.java:275)
	at org.apache.struts2.config.StrutsXmlConfigurationProvider.loadPackages(StrutsXmlConfigurationProvider.java:111)
	at com.opensymphony.xwork2.config.impl.DefaultConfiguration.reloadContainer(DefaultConfiguration.java:193)
	at com.opensymphony.xwork2.config.ConfigurationManager.getConfiguration(ConfigurationManager.java:55)
	... 47 more
2017-01-22 22:40:19,797 [com.opensymphony.xwork2.config.providers.XmlConfigurationProvider]-[INFO] Parsing configuration file [struts-default.xml]
2017-01-22 22:40:19,868 [com.opensymphony.xwork2.config.providers.XmlConfigurationProvider]-[INFO] Unable to locate configuration files of the name struts-plugin.xml, skipping
2017-01-22 22:40:19,868 [com.opensymphony.xwork2.config.providers.XmlConfigurationProvider]-[INFO] Parsing configuration file [struts-plugin.xml]
2017-01-22 22:40:19,909 [com.opensymphony.xwork2.config.providers.XmlConfigurationProvider]-[INFO] Parsing configuration file [struts.xml]
2017-01-22 22:40:19,913 [com.opensymphony.xwork2.config.impl.DefaultConfiguration]-[INFO] Overriding property struts.i18n.reload - old value: false new value: true
2017-01-22 22:40:20,096 [org.apache.struts2.dispatcher.Dispatcher]-[ERROR] Dispatcher initialization failed
Unable to load configuration. - action - file:/D:/Workspaces/blog-admin/target/classes/indexBean.xml:8:62
	at com.opensymphony.xwork2.config.ConfigurationManager.getConfiguration(ConfigurationManager.java:58)
	at org.apache.struts2.dispatcher.Dispatcher.init_PreloadConfiguration(Dispatcher.java:374)
	at org.apache.struts2.dispatcher.Dispatcher.init(Dispatcher.java:418)
	at org.apache.struts2.dispatcher.ng.InitOperations.initDispatcher(InitOperations.java:69)
	at org.apache.struts2.dispatcher.ng.filter.StrutsPrepareAndExecuteFilter.init(StrutsPrepareAndExecuteFilter.java:51)
	at org.eclipse.jetty.servlet.FilterHolder.doStart(FilterHolder.java:119)
	at org.eclipse.jetty.util.component.AbstractLifeCycle.start(AbstractLifeCycle.java:64)
	at org.eclipse.jetty.servlet.ServletHandler.initialize(ServletHandler.java:724)
	at org.eclipse.jetty.servlet.ServletContextHandler.startContext(ServletContextHandler.java:265)
	at org.eclipse.jetty.webapp.WebAppContext.startContext(WebAppContext.java:1250)
	at org.eclipse.jetty.server.handler.ContextHandler.doStart(ContextHandler.java:706)
	at org.eclipse.jetty.webapp.WebAppContext.doStart(WebAppContext.java:492)
	at org.mortbay.jetty.plugin.JettyWebAppContext.doStart(JettyWebAppContext.java:293)
	at org.eclipse.jetty.util.component.AbstractLifeCycle.start(AbstractLifeCycle.java:64)
	at org.mortbay.jetty.plugin.JettyRunMojo.restartWebApp(JettyRunMojo.java:435)
	at org.mortbay.jetty.plugin.JettyRunMojo$1.filesChanged(JettyRunMojo.java:394)
	at org.eclipse.jetty.util.Scanner.reportBulkChanges(Scanner.java:685)
	at org.eclipse.jetty.util.Scanner.reportDifferences(Scanner.java:551)
	at org.eclipse.jetty.util.Scanner.scan(Scanner.java:403)
	at org.eclipse.jetty.util.Scanner$1.run(Scanner.java:353)
	at java.util.TimerThread.mainLoop(Timer.java:555)
	at java.util.TimerThread.run(Timer.java:505)
Caused by: Action class [userAction] not found - action - file:/D:/Workspaces/blog-admin/target/classes/indexBean.xml:8:62
	at com.opensymphony.xwork2.config.providers.XmlConfigurationProvider.verifyAction(XmlConfigurationProvider.java:409)
	at com.opensymphony.xwork2.config.providers.XmlConfigurationProvider.addAction(XmlConfigurationProvider.java:354)
	at com.opensymphony.xwork2.config.providers.XmlConfigurationProvider.addPackage(XmlConfigurationProvider.java:468)
	at com.opensymphony.xwork2.config.providers.XmlConfigurationProvider.reloadRequiredPackages(XmlConfigurationProvider.java:290)
	at com.opensymphony.xwork2.config.providers.XmlConfigurationProvider.loadPackages(XmlConfigurationProvider.java:275)
	at org.apache.struts2.config.StrutsXmlConfigurationProvider.loadPackages(StrutsXmlConfigurationProvider.java:111)
	at com.opensymphony.xwork2.config.impl.DefaultConfiguration.reloadContainer(DefaultConfiguration.java:193)
	at com.opensymphony.xwork2.config.ConfigurationManager.getConfiguration(ConfigurationManager.java:55)
	... 21 more
2017-01-22 22:40:32,418 [com.opensymphony.xwork2.config.providers.XmlConfigurationProvider]-[INFO] Parsing configuration file [struts-default.xml]
2017-01-22 22:40:32,510 [com.opensymphony.xwork2.config.providers.XmlConfigurationProvider]-[INFO] Unable to locate configuration files of the name struts-plugin.xml, skipping
2017-01-22 22:40:32,511 [com.opensymphony.xwork2.config.providers.XmlConfigurationProvider]-[INFO] Parsing configuration file [struts-plugin.xml]
2017-01-22 22:40:32,565 [com.opensymphony.xwork2.config.providers.XmlConfigurationProvider]-[INFO] Parsing configuration file [struts.xml]
2017-01-22 22:40:32,571 [com.opensymphony.xwork2.config.impl.DefaultConfiguration]-[INFO] Overriding property struts.i18n.reload - old value: false new value: true
2017-01-22 22:40:32,790 [org.apache.struts2.dispatcher.Dispatcher]-[ERROR] Dispatcher initialization failed
Unable to load configuration. - action - file:/D:/Workspaces/blog-admin/target/classes/indexBean.xml:8:62
	at com.opensymphony.xwork2.config.ConfigurationManager.getConfiguration(ConfigurationManager.java:58)
	at org.apache.struts2.dispatcher.Dispatcher.init_PreloadConfiguration(Dispatcher.java:374)
	at org.apache.struts2.dispatcher.Dispatcher.init(Dispatcher.java:418)
	at org.apache.struts2.dispatcher.ng.InitOperations.initDispatcher(InitOperations.java:69)
	at org.apache.struts2.dispatcher.ng.filter.StrutsPrepareAndExecuteFilter.init(StrutsPrepareAndExecuteFilter.java:51)
	at org.eclipse.jetty.servlet.FilterHolder.doStart(FilterHolder.java:119)
	at org.eclipse.jetty.util.component.AbstractLifeCycle.start(AbstractLifeCycle.java:64)
	at org.eclipse.jetty.servlet.ServletHandler.initialize(ServletHandler.java:724)
	at org.eclipse.jetty.servlet.ServletContextHandler.startContext(ServletContextHandler.java:265)
	at org.eclipse.jetty.webapp.WebAppContext.startContext(WebAppContext.java:1250)
	at org.eclipse.jetty.server.handler.ContextHandler.doStart(ContextHandler.java:706)
	at org.eclipse.jetty.webapp.WebAppContext.doStart(WebAppContext.java:492)
	at org.mortbay.jetty.plugin.JettyWebAppContext.doStart(JettyWebAppContext.java:293)
	at org.eclipse.jetty.util.component.AbstractLifeCycle.start(AbstractLifeCycle.java:64)
	at org.mortbay.jetty.plugin.JettyRunMojo.restartWebApp(JettyRunMojo.java:435)
	at org.mortbay.jetty.plugin.JettyRunMojo$1.filesChanged(JettyRunMojo.java:394)
	at org.eclipse.jetty.util.Scanner.reportBulkChanges(Scanner.java:685)
	at org.eclipse.jetty.util.Scanner.reportDifferences(Scanner.java:551)
	at org.eclipse.jetty.util.Scanner.scan(Scanner.java:403)
	at org.eclipse.jetty.util.Scanner$1.run(Scanner.java:353)
	at java.util.TimerThread.mainLoop(Timer.java:555)
	at java.util.TimerThread.run(Timer.java:505)
Caused by: Action class [userAction] not found - action - file:/D:/Workspaces/blog-admin/target/classes/indexBean.xml:8:62
	at com.opensymphony.xwork2.config.providers.XmlConfigurationProvider.verifyAction(XmlConfigurationProvider.java:409)
	at com.opensymphony.xwork2.config.providers.XmlConfigurationProvider.addAction(XmlConfigurationProvider.java:354)
	at com.opensymphony.xwork2.config.providers.XmlConfigurationProvider.addPackage(XmlConfigurationProvider.java:468)
	at com.opensymphony.xwork2.config.providers.XmlConfigurationProvider.reloadRequiredPackages(XmlConfigurationProvider.java:290)
	at com.opensymphony.xwork2.config.providers.XmlConfigurationProvider.loadPackages(XmlConfigurationProvider.java:275)
	at org.apache.struts2.config.StrutsXmlConfigurationProvider.loadPackages(StrutsXmlConfigurationProvider.java:111)
	at com.opensymphony.xwork2.config.impl.DefaultConfiguration.reloadContainer(DefaultConfiguration.java:193)
	at com.opensymphony.xwork2.config.ConfigurationManager.getConfiguration(ConfigurationManager.java:55)
	... 21 more
2017-01-22 22:41:08,524 [com.opensymphony.xwork2.config.providers.XmlConfigurationProvider]-[INFO] Parsing configuration file [struts-default.xml]
2017-01-22 22:41:08,611 [com.opensymphony.xwork2.config.providers.XmlConfigurationProvider]-[INFO] Unable to locate configuration files of the name struts-plugin.xml, skipping
2017-01-22 22:41:08,611 [com.opensymphony.xwork2.config.providers.XmlConfigurationProvider]-[INFO] Parsing configuration file [struts-plugin.xml]
2017-01-22 22:41:08,656 [com.opensymphony.xwork2.config.providers.XmlConfigurationProvider]-[INFO] Parsing configuration file [struts.xml]
2017-01-22 22:41:08,660 [com.opensymphony.xwork2.config.impl.DefaultConfiguration]-[INFO] Overriding property struts.i18n.reload - old value: false new value: true
2017-01-22 22:41:08,820 [org.apache.struts2.dispatcher.Dispatcher]-[ERROR] Dispatcher initialization failed
Unable to load configuration. - action - file:/D:/Workspaces/blog-admin/target/classes/indexBean.xml:8:62
	at com.opensymphony.xwork2.config.ConfigurationManager.getConfiguration(ConfigurationManager.java:58)
	at org.apache.struts2.dispatcher.Dispatcher.init_PreloadConfiguration(Dispatcher.java:374)
	at org.apache.struts2.dispatcher.Dispatcher.init(Dispatcher.java:418)
	at org.apache.struts2.dispatcher.ng.InitOperations.initDispatcher(InitOperations.java:69)
	at org.apache.struts2.dispatcher.ng.filter.StrutsPrepareAndExecuteFilter.init(StrutsPrepareAndExecuteFilter.java:51)
	at org.eclipse.jetty.servlet.FilterHolder.doStart(FilterHolder.java:119)
	at org.eclipse.jetty.util.component.AbstractLifeCycle.start(AbstractLifeCycle.java:64)
	at org.eclipse.jetty.servlet.ServletHandler.initialize(ServletHandler.java:724)
	at org.eclipse.jetty.servlet.ServletContextHandler.startContext(ServletContextHandler.java:265)
	at org.eclipse.jetty.webapp.WebAppContext.startContext(WebAppContext.java:1250)
	at org.eclipse.jetty.server.handler.ContextHandler.doStart(ContextHandler.java:706)
	at org.eclipse.jetty.webapp.WebAppContext.doStart(WebAppContext.java:492)
	at org.mortbay.jetty.plugin.JettyWebAppContext.doStart(JettyWebAppContext.java:293)
	at org.eclipse.jetty.util.component.AbstractLifeCycle.start(AbstractLifeCycle.java:64)
	at org.mortbay.jetty.plugin.JettyRunMojo.restartWebApp(JettyRunMojo.java:435)
	at org.mortbay.jetty.plugin.JettyRunMojo$1.filesChanged(JettyRunMojo.java:394)
	at org.eclipse.jetty.util.Scanner.reportBulkChanges(Scanner.java:685)
	at org.eclipse.jetty.util.Scanner.reportDifferences(Scanner.java:551)
	at org.eclipse.jetty.util.Scanner.scan(Scanner.java:403)
	at org.eclipse.jetty.util.Scanner$1.run(Scanner.java:353)
	at java.util.TimerThread.mainLoop(Timer.java:555)
	at java.util.TimerThread.run(Timer.java:505)
Caused by: Action class [userAction] not found - action - file:/D:/Workspaces/blog-admin/target/classes/indexBean.xml:8:62
	at com.opensymphony.xwork2.config.providers.XmlConfigurationProvider.verifyAction(XmlConfigurationProvider.java:409)
	at com.opensymphony.xwork2.config.providers.XmlConfigurationProvider.addAction(XmlConfigurationProvider.java:354)
	at com.opensymphony.xwork2.config.providers.XmlConfigurationProvider.addPackage(XmlConfigurationProvider.java:468)
	at com.opensymphony.xwork2.config.providers.XmlConfigurationProvider.reloadRequiredPackages(XmlConfigurationProvider.java:290)
	at com.opensymphony.xwork2.config.providers.XmlConfigurationProvider.loadPackages(XmlConfigurationProvider.java:275)
	at org.apache.struts2.config.StrutsXmlConfigurationProvider.loadPackages(StrutsXmlConfigurationProvider.java:111)
	at com.opensymphony.xwork2.config.impl.DefaultConfiguration.reloadContainer(DefaultConfiguration.java:193)
	at com.opensymphony.xwork2.config.ConfigurationManager.getConfiguration(ConfigurationManager.java:55)
	... 21 more
2017-01-22 22:45:43,328 [com.opensymphony.xwork2.config.providers.XmlConfigurationProvider]-[INFO] Parsing configuration file [struts-default.xml]
2017-01-22 22:45:43,410 [com.opensymphony.xwork2.config.providers.XmlConfigurationProvider]-[INFO] Unable to locate configuration files of the name struts-plugin.xml, skipping
2017-01-22 22:45:43,410 [com.opensymphony.xwork2.config.providers.XmlConfigurationProvider]-[INFO] Parsing configuration file [struts-plugin.xml]
2017-01-22 22:45:43,480 [com.opensymphony.xwork2.config.providers.XmlConfigurationProvider]-[INFO] Parsing configuration file [struts.xml]
2017-01-22 22:45:43,486 [com.opensymphony.xwork2.config.impl.DefaultConfiguration]-[INFO] Overriding property struts.i18n.reload - old value: false new value: true
2017-01-22 22:45:43,725 [org.apache.struts2.dispatcher.Dispatcher]-[ERROR] Dispatcher initialization failed
Unable to load configuration. - action - file:/D:/Workspaces/blog-admin/target/classes/indexBean.xml:8:62
	at com.opensymphony.xwork2.config.ConfigurationManager.getConfiguration(ConfigurationManager.java:58)
	at org.apache.struts2.dispatcher.Dispatcher.init_PreloadConfiguration(Dispatcher.java:374)
	at org.apache.struts2.dispatcher.Dispatcher.init(Dispatcher.java:418)
	at org.apache.struts2.dispatcher.ng.InitOperations.initDispatcher(InitOperations.java:69)
	at org.apache.struts2.dispatcher.ng.filter.StrutsPrepareAndExecuteFilter.init(StrutsPrepareAndExecuteFilter.java:51)
	at org.eclipse.jetty.servlet.FilterHolder.doStart(FilterHolder.java:119)
	at org.eclipse.jetty.util.component.AbstractLifeCycle.start(AbstractLifeCycle.java:64)
	at org.eclipse.jetty.servlet.ServletHandler.initialize(ServletHandler.java:724)
	at org.eclipse.jetty.servlet.ServletContextHandler.startContext(ServletContextHandler.java:265)
	at org.eclipse.jetty.webapp.WebAppContext.startContext(WebAppContext.java:1250)
	at org.eclipse.jetty.server.handler.ContextHandler.doStart(ContextHandler.java:706)
	at org.eclipse.jetty.webapp.WebAppContext.doStart(WebAppContext.java:492)
	at org.mortbay.jetty.plugin.JettyWebAppContext.doStart(JettyWebAppContext.java:293)
	at org.eclipse.jetty.util.component.AbstractLifeCycle.start(AbstractLifeCycle.java:64)
	at org.eclipse.jetty.server.handler.HandlerCollection.doStart(HandlerCollection.java:229)
	at org.eclipse.jetty.server.handler.ContextHandlerCollection.doStart(ContextHandlerCollection.java:172)
	at org.eclipse.jetty.util.component.AbstractLifeCycle.start(AbstractLifeCycle.java:64)
	at org.eclipse.jetty.server.handler.HandlerCollection.doStart(HandlerCollection.java:229)
	at org.eclipse.jetty.util.component.AbstractLifeCycle.start(AbstractLifeCycle.java:64)
	at org.eclipse.jetty.server.handler.HandlerWrapper.doStart(HandlerWrapper.java:95)
	at org.eclipse.jetty.server.Server.doStart(Server.java:277)
	at org.mortbay.jetty.plugin.JettyServer.doStart(JettyServer.java:65)
	at org.eclipse.jetty.util.component.AbstractLifeCycle.start(AbstractLifeCycle.java:64)
	at org.mortbay.jetty.plugin.AbstractJettyMojo.startJetty(AbstractJettyMojo.java:511)
	at org.mortbay.jetty.plugin.AbstractJettyMojo.execute(AbstractJettyMojo.java:364)
	at org.mortbay.jetty.plugin.JettyRunMojo.execute(JettyRunMojo.java:523)
	at org.apache.maven.plugin.DefaultBuildPluginManager.executeMojo(DefaultBuildPluginManager.java:134)
	at org.apache.maven.lifecycle.internal.MojoExecutor.execute(MojoExecutor.java:207)
	at org.apache.maven.lifecycle.internal.MojoExecutor.execute(MojoExecutor.java:153)
	at org.apache.maven.lifecycle.internal.MojoExecutor.execute(MojoExecutor.java:145)
	at org.apache.maven.lifecycle.internal.LifecycleModuleBuilder.buildProject(LifecycleModuleBuilder.java:116)
	at org.apache.maven.lifecycle.internal.LifecycleModuleBuilder.buildProject(LifecycleModuleBuilder.java:80)
	at org.apache.maven.lifecycle.internal.builder.singlethreaded.SingleThreadedBuilder.build(SingleThreadedBuilder.java:51)
	at org.apache.maven.lifecycle.internal.LifecycleStarter.execute(LifecycleStarter.java:128)
	at org.apache.maven.DefaultMaven.doExecute(DefaultMaven.java:307)
	at org.apache.maven.DefaultMaven.doExecute(DefaultMaven.java:193)
	at org.apache.maven.DefaultMaven.execute(DefaultMaven.java:106)
	at org.apache.maven.cli.MavenCli.execute(MavenCli.java:863)
	at org.apache.maven.cli.MavenCli.doMain(MavenCli.java:288)
	at org.apache.maven.cli.MavenCli.main(MavenCli.java:199)
	at sun.reflect.NativeMethodAccessorImpl.invoke0(Native Method)
	at sun.reflect.NativeMethodAccessorImpl.invoke(NativeMethodAccessorImpl.java:57)
	at sun.reflect.DelegatingMethodAccessorImpl.invoke(DelegatingMethodAccessorImpl.java:43)
	at java.lang.reflect.Method.invoke(Method.java:606)
	at org.codehaus.plexus.classworlds.launcher.Launcher.launchEnhanced(Launcher.java:289)
	at org.codehaus.plexus.classworlds.launcher.Launcher.launch(Launcher.java:229)
	at org.codehaus.plexus.classworlds.launcher.Launcher.mainWithExitCode(Launcher.java:415)
	at org.codehaus.plexus.classworlds.launcher.Launcher.main(Launcher.java:356)
Caused by: Action class [userAction] not found - action - file:/D:/Workspaces/blog-admin/target/classes/indexBean.xml:8:62
	at com.opensymphony.xwork2.config.providers.XmlConfigurationProvider.verifyAction(XmlConfigurationProvider.java:409)
	at com.opensymphony.xwork2.config.providers.XmlConfigurationProvider.addAction(XmlConfigurationProvider.java:354)
	at com.opensymphony.xwork2.config.providers.XmlConfigurationProvider.addPackage(XmlConfigurationProvider.java:468)
	at com.opensymphony.xwork2.config.providers.XmlConfigurationProvider.reloadRequiredPackages(XmlConfigurationProvider.java:290)
	at com.opensymphony.xwork2.config.providers.XmlConfigurationProvider.loadPackages(XmlConfigurationProvider.java:275)
	at org.apache.struts2.config.StrutsXmlConfigurationProvider.loadPackages(StrutsXmlConfigurationProvider.java:111)
	at com.opensymphony.xwork2.config.impl.DefaultConfiguration.reloadContainer(DefaultConfiguration.java:193)
	at com.opensymphony.xwork2.config.ConfigurationManager.getConfiguration(ConfigurationManager.java:55)
	... 47 more
2017-01-22 22:51:18,900 [com.opensymphony.xwork2.config.providers.XmlConfigurationProvider]-[INFO] Parsing configuration file [struts-default.xml]
2017-01-22 22:51:18,994 [com.opensymphony.xwork2.config.providers.XmlConfigurationProvider]-[INFO] Unable to locate configuration files of the name struts-plugin.xml, skipping
2017-01-22 22:51:18,994 [com.opensymphony.xwork2.config.providers.XmlConfigurationProvider]-[INFO] Parsing configuration file [struts-plugin.xml]
2017-01-22 22:51:19,047 [com.opensymphony.xwork2.config.providers.XmlConfigurationProvider]-[INFO] Parsing configuration file [struts.xml]
2017-01-22 22:51:19,052 [com.opensymphony.xwork2.config.impl.DefaultConfiguration]-[INFO] Overriding property struts.i18n.reload - old value: false new value: true
2017-01-22 22:51:19,307 [org.apache.struts2.dispatcher.Dispatcher]-[ERROR] Dispatcher initialization failed
Unable to load configuration. - action - file:/D:/Workspaces/blog-admin/target/classes/indexBean.xml:8:62
	at com.opensymphony.xwork2.config.ConfigurationManager.getConfiguration(ConfigurationManager.java:58)
	at org.apache.struts2.dispatcher.Dispatcher.init_PreloadConfiguration(Dispatcher.java:374)
	at org.apache.struts2.dispatcher.Dispatcher.init(Dispatcher.java:418)
	at org.apache.struts2.dispatcher.ng.InitOperations.initDispatcher(InitOperations.java:69)
	at org.apache.struts2.dispatcher.ng.filter.StrutsPrepareAndExecuteFilter.init(StrutsPrepareAndExecuteFilter.java:51)
	at org.eclipse.jetty.servlet.FilterHolder.doStart(FilterHolder.java:119)
	at org.eclipse.jetty.util.component.AbstractLifeCycle.start(AbstractLifeCycle.java:64)
	at org.eclipse.jetty.servlet.ServletHandler.initialize(ServletHandler.java:724)
	at org.eclipse.jetty.servlet.ServletContextHandler.startContext(ServletContextHandler.java:265)
	at org.eclipse.jetty.webapp.WebAppContext.startContext(WebAppContext.java:1250)
	at org.eclipse.jetty.server.handler.ContextHandler.doStart(ContextHandler.java:706)
	at org.eclipse.jetty.webapp.WebAppContext.doStart(WebAppContext.java:492)
	at org.mortbay.jetty.plugin.JettyWebAppContext.doStart(JettyWebAppContext.java:293)
	at org.eclipse.jetty.util.component.AbstractLifeCycle.start(AbstractLifeCycle.java:64)
	at org.mortbay.jetty.plugin.JettyRunMojo.restartWebApp(JettyRunMojo.java:435)
	at org.mortbay.jetty.plugin.JettyRunMojo$1.filesChanged(JettyRunMojo.java:394)
	at org.eclipse.jetty.util.Scanner.reportBulkChanges(Scanner.java:685)
	at org.eclipse.jetty.util.Scanner.reportDifferences(Scanner.java:551)
	at org.eclipse.jetty.util.Scanner.scan(Scanner.java:403)
	at org.eclipse.jetty.util.Scanner$1.run(Scanner.java:353)
	at java.util.TimerThread.mainLoop(Timer.java:555)
	at java.util.TimerThread.run(Timer.java:505)
Caused by: Action class [userAction] not found - action - file:/D:/Workspaces/blog-admin/target/classes/indexBean.xml:8:62
	at com.opensymphony.xwork2.config.providers.XmlConfigurationProvider.verifyAction(XmlConfigurationProvider.java:409)
	at com.opensymphony.xwork2.config.providers.XmlConfigurationProvider.addAction(XmlConfigurationProvider.java:354)
	at com.opensymphony.xwork2.config.providers.XmlConfigurationProvider.addPackage(XmlConfigurationProvider.java:468)
	at com.opensymphony.xwork2.config.providers.XmlConfigurationProvider.reloadRequiredPackages(XmlConfigurationProvider.java:290)
	at com.opensymphony.xwork2.config.providers.XmlConfigurationProvider.loadPackages(XmlConfigurationProvider.java:275)
	at org.apache.struts2.config.StrutsXmlConfigurationProvider.loadPackages(StrutsXmlConfigurationProvider.java:111)
	at com.opensymphony.xwork2.config.impl.DefaultConfiguration.reloadContainer(DefaultConfiguration.java:193)
	at com.opensymphony.xwork2.config.ConfigurationManager.getConfiguration(ConfigurationManager.java:55)
	... 21 more
2017-01-22 22:51:29,430 [com.opensymphony.xwork2.config.providers.XmlConfigurationProvider]-[INFO] Parsing configuration file [struts-default.xml]
2017-01-22 22:51:29,535 [com.opensymphony.xwork2.config.providers.XmlConfigurationProvider]-[INFO] Unable to locate configuration files of the name struts-plugin.xml, skipping
2017-01-22 22:51:29,535 [com.opensymphony.xwork2.config.providers.XmlConfigurationProvider]-[INFO] Parsing configuration file [struts-plugin.xml]
2017-01-22 22:51:29,589 [com.opensymphony.xwork2.config.providers.XmlConfigurationProvider]-[INFO] Parsing configuration file [struts.xml]
2017-01-22 22:51:29,592 [com.opensymphony.xwork2.config.impl.DefaultConfiguration]-[INFO] Overriding property struts.i18n.reload - old value: false new value: true
2017-01-22 22:51:29,807 [org.apache.struts2.dispatcher.Dispatcher]-[ERROR] Dispatcher initialization failed
Unable to load configuration. - action - file:/D:/Workspaces/blog-admin/target/classes/indexBean.xml:8:62
	at com.opensymphony.xwork2.config.ConfigurationManager.getConfiguration(ConfigurationManager.java:58)
	at org.apache.struts2.dispatcher.Dispatcher.init_PreloadConfiguration(Dispatcher.java:374)
	at org.apache.struts2.dispatcher.Dispatcher.init(Dispatcher.java:418)
	at org.apache.struts2.dispatcher.ng.InitOperations.initDispatcher(InitOperations.java:69)
	at org.apache.struts2.dispatcher.ng.filter.StrutsPrepareAndExecuteFilter.init(StrutsPrepareAndExecuteFilter.java:51)
	at org.eclipse.jetty.servlet.FilterHolder.doStart(FilterHolder.java:119)
	at org.eclipse.jetty.util.component.AbstractLifeCycle.start(AbstractLifeCycle.java:64)
	at org.eclipse.jetty.servlet.ServletHandler.initialize(ServletHandler.java:724)
	at org.eclipse.jetty.servlet.ServletContextHandler.startContext(ServletContextHandler.java:265)
	at org.eclipse.jetty.webapp.WebAppContext.startContext(WebAppContext.java:1250)
	at org.eclipse.jetty.server.handler.ContextHandler.doStart(ContextHandler.java:706)
	at org.eclipse.jetty.webapp.WebAppContext.doStart(WebAppContext.java:492)
	at org.mortbay.jetty.plugin.JettyWebAppContext.doStart(JettyWebAppContext.java:293)
	at org.eclipse.jetty.util.component.AbstractLifeCycle.start(AbstractLifeCycle.java:64)
	at org.mortbay.jetty.plugin.JettyRunMojo.restartWebApp(JettyRunMojo.java:435)
	at org.mortbay.jetty.plugin.JettyRunMojo$1.filesChanged(JettyRunMojo.java:394)
	at org.eclipse.jetty.util.Scanner.reportBulkChanges(Scanner.java:685)
	at org.eclipse.jetty.util.Scanner.reportDifferences(Scanner.java:551)
	at org.eclipse.jetty.util.Scanner.scan(Scanner.java:403)
	at org.eclipse.jetty.util.Scanner$1.run(Scanner.java:353)
	at java.util.TimerThread.mainLoop(Timer.java:555)
	at java.util.TimerThread.run(Timer.java:505)
Caused by: Action class [userAction] not found - action - file:/D:/Workspaces/blog-admin/target/classes/indexBean.xml:8:62
	at com.opensymphony.xwork2.config.providers.XmlConfigurationProvider.verifyAction(XmlConfigurationProvider.java:409)
	at com.opensymphony.xwork2.config.providers.XmlConfigurationProvider.addAction(XmlConfigurationProvider.java:354)
	at com.opensymphony.xwork2.config.providers.XmlConfigurationProvider.addPackage(XmlConfigurationProvider.java:468)
	at com.opensymphony.xwork2.config.providers.XmlConfigurationProvider.reloadRequiredPackages(XmlConfigurationProvider.java:290)
	at com.opensymphony.xwork2.config.providers.XmlConfigurationProvider.loadPackages(XmlConfigurationProvider.java:275)
	at org.apache.struts2.config.StrutsXmlConfigurationProvider.loadPackages(StrutsXmlConfigurationProvider.java:111)
	at com.opensymphony.xwork2.config.impl.DefaultConfiguration.reloadContainer(DefaultConfiguration.java:193)
	at com.opensymphony.xwork2.config.ConfigurationManager.getConfiguration(ConfigurationManager.java:55)
	... 21 more
2017-01-22 22:53:19,843 [com.opensymphony.xwork2.config.providers.XmlConfigurationProvider]-[INFO] Parsing configuration file [struts-default.xml]
2017-01-22 22:53:19,923 [com.opensymphony.xwork2.config.providers.XmlConfigurationProvider]-[INFO] Unable to locate configuration files of the name struts-plugin.xml, skipping
2017-01-22 22:53:19,923 [com.opensymphony.xwork2.config.providers.XmlConfigurationProvider]-[INFO] Parsing configuration file [struts-plugin.xml]
2017-01-22 22:53:19,989 [com.opensymphony.xwork2.config.providers.XmlConfigurationProvider]-[INFO] Parsing configuration file [struts.xml]
2017-01-22 22:53:19,996 [com.opensymphony.xwork2.config.impl.DefaultConfiguration]-[INFO] Overriding property struts.i18n.reload - old value: false new value: true
2017-01-22 22:53:20,184 [org.apache.struts2.dispatcher.Dispatcher]-[ERROR] Dispatcher initialization failed
Unable to load configuration. - action - file:/D:/Workspaces/blog-admin/target/classes/indexBean.xml:8:62
	at com.opensymphony.xwork2.config.ConfigurationManager.getConfiguration(ConfigurationManager.java:58)
	at org.apache.struts2.dispatcher.Dispatcher.init_PreloadConfiguration(Dispatcher.java:374)
	at org.apache.struts2.dispatcher.Dispatcher.init(Dispatcher.java:418)
	at org.apache.struts2.dispatcher.ng.InitOperations.initDispatcher(InitOperations.java:69)
	at org.apache.struts2.dispatcher.ng.filter.StrutsPrepareAndExecuteFilter.init(StrutsPrepareAndExecuteFilter.java:51)
	at org.eclipse.jetty.servlet.FilterHolder.doStart(FilterHolder.java:119)
	at org.eclipse.jetty.util.component.AbstractLifeCycle.start(AbstractLifeCycle.java:64)
	at org.eclipse.jetty.servlet.ServletHandler.initialize(ServletHandler.java:724)
	at org.eclipse.jetty.servlet.ServletContextHandler.startContext(ServletContextHandler.java:265)
	at org.eclipse.jetty.webapp.WebAppContext.startContext(WebAppContext.java:1250)
	at org.eclipse.jetty.server.handler.ContextHandler.doStart(ContextHandler.java:706)
	at org.eclipse.jetty.webapp.WebAppContext.doStart(WebAppContext.java:492)
	at org.mortbay.jetty.plugin.JettyWebAppContext.doStart(JettyWebAppContext.java:293)
	at org.eclipse.jetty.util.component.AbstractLifeCycle.start(AbstractLifeCycle.java:64)
	at org.eclipse.jetty.server.handler.HandlerCollection.doStart(HandlerCollection.java:229)
	at org.eclipse.jetty.server.handler.ContextHandlerCollection.doStart(ContextHandlerCollection.java:172)
	at org.eclipse.jetty.util.component.AbstractLifeCycle.start(AbstractLifeCycle.java:64)
	at org.eclipse.jetty.server.handler.HandlerCollection.doStart(HandlerCollection.java:229)
	at org.eclipse.jetty.util.component.AbstractLifeCycle.start(AbstractLifeCycle.java:64)
	at org.eclipse.jetty.server.handler.HandlerWrapper.doStart(HandlerWrapper.java:95)
	at org.eclipse.jetty.server.Server.doStart(Server.java:277)
	at org.mortbay.jetty.plugin.JettyServer.doStart(JettyServer.java:65)
	at org.eclipse.jetty.util.component.AbstractLifeCycle.start(AbstractLifeCycle.java:64)
	at org.mortbay.jetty.plugin.AbstractJettyMojo.startJetty(AbstractJettyMojo.java:511)
	at org.mortbay.jetty.plugin.AbstractJettyMojo.execute(AbstractJettyMojo.java:364)
	at org.mortbay.jetty.plugin.JettyRunMojo.execute(JettyRunMojo.java:523)
	at org.apache.maven.plugin.DefaultBuildPluginManager.executeMojo(DefaultBuildPluginManager.java:134)
	at org.apache.maven.lifecycle.internal.MojoExecutor.execute(MojoExecutor.java:207)
	at org.apache.maven.lifecycle.internal.MojoExecutor.execute(MojoExecutor.java:153)
	at org.apache.maven.lifecycle.internal.MojoExecutor.execute(MojoExecutor.java:145)
	at org.apache.maven.lifecycle.internal.LifecycleModuleBuilder.buildProject(LifecycleModuleBuilder.java:116)
	at org.apache.maven.lifecycle.internal.LifecycleModuleBuilder.buildProject(LifecycleModuleBuilder.java:80)
	at org.apache.maven.lifecycle.internal.builder.singlethreaded.SingleThreadedBuilder.build(SingleThreadedBuilder.java:51)
	at org.apache.maven.lifecycle.internal.LifecycleStarter.execute(LifecycleStarter.java:128)
	at org.apache.maven.DefaultMaven.doExecute(DefaultMaven.java:307)
	at org.apache.maven.DefaultMaven.doExecute(DefaultMaven.java:193)
	at org.apache.maven.DefaultMaven.execute(DefaultMaven.java:106)
	at org.apache.maven.cli.MavenCli.execute(MavenCli.java:863)
	at org.apache.maven.cli.MavenCli.doMain(MavenCli.java:288)
	at org.apache.maven.cli.MavenCli.main(MavenCli.java:199)
	at sun.reflect.NativeMethodAccessorImpl.invoke0(Native Method)
	at sun.reflect.NativeMethodAccessorImpl.invoke(NativeMethodAccessorImpl.java:57)
	at sun.reflect.DelegatingMethodAccessorImpl.invoke(DelegatingMethodAccessorImpl.java:43)
	at java.lang.reflect.Method.invoke(Method.java:606)
	at org.codehaus.plexus.classworlds.launcher.Launcher.launchEnhanced(Launcher.java:289)
	at org.codehaus.plexus.classworlds.launcher.Launcher.launch(Launcher.java:229)
	at org.codehaus.plexus.classworlds.launcher.Launcher.mainWithExitCode(Launcher.java:415)
	at org.codehaus.plexus.classworlds.launcher.Launcher.main(Launcher.java:356)
Caused by: Action class [userAction] not found - action - file:/D:/Workspaces/blog-admin/target/classes/indexBean.xml:8:62
	at com.opensymphony.xwork2.config.providers.XmlConfigurationProvider.verifyAction(XmlConfigurationProvider.java:409)
	at com.opensymphony.xwork2.config.providers.XmlConfigurationProvider.addAction(XmlConfigurationProvider.java:354)
	at com.opensymphony.xwork2.config.providers.XmlConfigurationProvider.addPackage(XmlConfigurationProvider.java:468)
	at com.opensymphony.xwork2.config.providers.XmlConfigurationProvider.reloadRequiredPackages(XmlConfigurationProvider.java:290)
	at com.opensymphony.xwork2.config.providers.XmlConfigurationProvider.loadPackages(XmlConfigurationProvider.java:275)
	at org.apache.struts2.config.StrutsXmlConfigurationProvider.loadPackages(StrutsXmlConfigurationProvider.java:111)
	at com.opensymphony.xwork2.config.impl.DefaultConfiguration.reloadContainer(DefaultConfiguration.java:193)
	at com.opensymphony.xwork2.config.ConfigurationManager.getConfiguration(ConfigurationManager.java:55)
	... 47 more
2017-01-22 22:59:28,062 [com.opensymphony.xwork2.config.providers.XmlConfigurationProvider]-[INFO] Parsing configuration file [struts-default.xml]
2017-01-22 22:59:28,133 [com.opensymphony.xwork2.config.providers.XmlConfigurationProvider]-[INFO] Unable to locate configuration files of the name struts-plugin.xml, skipping
2017-01-22 22:59:28,133 [com.opensymphony.xwork2.config.providers.XmlConfigurationProvider]-[INFO] Parsing configuration file [struts-plugin.xml]
2017-01-22 22:59:28,180 [com.opensymphony.xwork2.config.providers.XmlConfigurationProvider]-[INFO] Parsing configuration file [struts.xml]
2017-01-22 22:59:28,185 [com.opensymphony.xwork2.config.impl.DefaultConfiguration]-[INFO] Overriding property struts.i18n.reload - old value: false new value: true
2017-01-22 22:59:28,374 [org.apache.struts2.dispatcher.Dispatcher]-[ERROR] Dispatcher initialization failed
Unable to load configuration. - action - file:/D:/Workspaces/blog-admin/target/classes/indexBean.xml:8:62
	at com.opensymphony.xwork2.config.ConfigurationManager.getConfiguration(ConfigurationManager.java:58)
	at org.apache.struts2.dispatcher.Dispatcher.init_PreloadConfiguration(Dispatcher.java:374)
	at org.apache.struts2.dispatcher.Dispatcher.init(Dispatcher.java:418)
	at org.apache.struts2.dispatcher.ng.InitOperations.initDispatcher(InitOperations.java:69)
	at org.apache.struts2.dispatcher.ng.filter.StrutsPrepareAndExecuteFilter.init(StrutsPrepareAndExecuteFilter.java:51)
	at org.eclipse.jetty.servlet.FilterHolder.doStart(FilterHolder.java:119)
	at org.eclipse.jetty.util.component.AbstractLifeCycle.start(AbstractLifeCycle.java:64)
	at org.eclipse.jetty.servlet.ServletHandler.initialize(ServletHandler.java:724)
	at org.eclipse.jetty.servlet.ServletContextHandler.startContext(ServletContextHandler.java:265)
	at org.eclipse.jetty.webapp.WebAppContext.startContext(WebAppContext.java:1250)
	at org.eclipse.jetty.server.handler.ContextHandler.doStart(ContextHandler.java:706)
	at org.eclipse.jetty.webapp.WebAppContext.doStart(WebAppContext.java:492)
	at org.mortbay.jetty.plugin.JettyWebAppContext.doStart(JettyWebAppContext.java:293)
	at org.eclipse.jetty.util.component.AbstractLifeCycle.start(AbstractLifeCycle.java:64)
	at org.mortbay.jetty.plugin.JettyRunMojo.restartWebApp(JettyRunMojo.java:435)
	at org.mortbay.jetty.plugin.JettyRunMojo$1.filesChanged(JettyRunMojo.java:394)
	at org.eclipse.jetty.util.Scanner.reportBulkChanges(Scanner.java:685)
	at org.eclipse.jetty.util.Scanner.reportDifferences(Scanner.java:551)
	at org.eclipse.jetty.util.Scanner.scan(Scanner.java:403)
	at org.eclipse.jetty.util.Scanner$1.run(Scanner.java:353)
	at java.util.TimerThread.mainLoop(Timer.java:555)
	at java.util.TimerThread.run(Timer.java:505)
Caused by: Action class [userAction] not found - action - file:/D:/Workspaces/blog-admin/target/classes/indexBean.xml:8:62
	at com.opensymphony.xwork2.config.providers.XmlConfigurationProvider.verifyAction(XmlConfigurationProvider.java:409)
	at com.opensymphony.xwork2.config.providers.XmlConfigurationProvider.addAction(XmlConfigurationProvider.java:354)
	at com.opensymphony.xwork2.config.providers.XmlConfigurationProvider.addPackage(XmlConfigurationProvider.java:468)
	at com.opensymphony.xwork2.config.providers.XmlConfigurationProvider.reloadRequiredPackages(XmlConfigurationProvider.java:290)
	at com.opensymphony.xwork2.config.providers.XmlConfigurationProvider.loadPackages(XmlConfigurationProvider.java:275)
	at org.apache.struts2.config.StrutsXmlConfigurationProvider.loadPackages(StrutsXmlConfigurationProvider.java:111)
	at com.opensymphony.xwork2.config.impl.DefaultConfiguration.reloadContainer(DefaultConfiguration.java:193)
	at com.opensymphony.xwork2.config.ConfigurationManager.getConfiguration(ConfigurationManager.java:55)
	... 21 more
2017-01-22 22:59:39,031 [com.opensymphony.xwork2.config.providers.XmlConfigurationProvider]-[INFO] Parsing configuration file [struts-default.xml]
2017-01-22 22:59:39,098 [com.opensymphony.xwork2.config.providers.XmlConfigurationProvider]-[INFO] Unable to locate configuration files of the name struts-plugin.xml, skipping
2017-01-22 22:59:39,098 [com.opensymphony.xwork2.config.providers.XmlConfigurationProvider]-[INFO] Parsing configuration file [struts-plugin.xml]
2017-01-22 22:59:39,129 [com.opensymphony.xwork2.config.providers.XmlConfigurationProvider]-[INFO] Parsing configuration file [struts.xml]
2017-01-22 22:59:39,132 [com.opensymphony.xwork2.config.impl.DefaultConfiguration]-[INFO] Overriding property struts.i18n.reload - old value: false new value: true
2017-01-22 22:59:39,304 [org.apache.struts2.dispatcher.Dispatcher]-[ERROR] Dispatcher initialization failed
Unable to load configuration. - action - file:/D:/Workspaces/blog-admin/target/classes/indexBean.xml:8:62
	at com.opensymphony.xwork2.config.ConfigurationManager.getConfiguration(ConfigurationManager.java:58)
	at org.apache.struts2.dispatcher.Dispatcher.init_PreloadConfiguration(Dispatcher.java:374)
	at org.apache.struts2.dispatcher.Dispatcher.init(Dispatcher.java:418)
	at org.apache.struts2.dispatcher.ng.InitOperations.initDispatcher(InitOperations.java:69)
	at org.apache.struts2.dispatcher.ng.filter.StrutsPrepareAndExecuteFilter.init(StrutsPrepareAndExecuteFilter.java:51)
	at org.eclipse.jetty.servlet.FilterHolder.doStart(FilterHolder.java:119)
	at org.eclipse.jetty.util.component.AbstractLifeCycle.start(AbstractLifeCycle.java:64)
	at org.eclipse.jetty.servlet.ServletHandler.initialize(ServletHandler.java:724)
	at org.eclipse.jetty.servlet.ServletContextHandler.startContext(ServletContextHandler.java:265)
	at org.eclipse.jetty.webapp.WebAppContext.startContext(WebAppContext.java:1250)
	at org.eclipse.jetty.server.handler.ContextHandler.doStart(ContextHandler.java:706)
	at org.eclipse.jetty.webapp.WebAppContext.doStart(WebAppContext.java:492)
	at org.mortbay.jetty.plugin.JettyWebAppContext.doStart(JettyWebAppContext.java:293)
	at org.eclipse.jetty.util.component.AbstractLifeCycle.start(AbstractLifeCycle.java:64)
	at org.mortbay.jetty.plugin.JettyRunMojo.restartWebApp(JettyRunMojo.java:435)
	at org.mortbay.jetty.plugin.JettyRunMojo$1.filesChanged(JettyRunMojo.java:394)
	at org.eclipse.jetty.util.Scanner.reportBulkChanges(Scanner.java:685)
	at org.eclipse.jetty.util.Scanner.reportDifferences(Scanner.java:551)
	at org.eclipse.jetty.util.Scanner.scan(Scanner.java:403)
	at org.eclipse.jetty.util.Scanner$1.run(Scanner.java:353)
	at java.util.TimerThread.mainLoop(Timer.java:555)
	at java.util.TimerThread.run(Timer.java:505)
Caused by: Action class [userAction] not found - action - file:/D:/Workspaces/blog-admin/target/classes/indexBean.xml:8:62
	at com.opensymphony.xwork2.config.providers.XmlConfigurationProvider.verifyAction(XmlConfigurationProvider.java:409)
	at com.opensymphony.xwork2.config.providers.XmlConfigurationProvider.addAction(XmlConfigurationProvider.java:354)
	at com.opensymphony.xwork2.config.providers.XmlConfigurationProvider.addPackage(XmlConfigurationProvider.java:468)
	at com.opensymphony.xwork2.config.providers.XmlConfigurationProvider.reloadRequiredPackages(XmlConfigurationProvider.java:290)
	at com.opensymphony.xwork2.config.providers.XmlConfigurationProvider.loadPackages(XmlConfigurationProvider.java:275)
	at org.apache.struts2.config.StrutsXmlConfigurationProvider.loadPackages(StrutsXmlConfigurationProvider.java:111)
	at com.opensymphony.xwork2.config.impl.DefaultConfiguration.reloadContainer(DefaultConfiguration.java:193)
	at com.opensymphony.xwork2.config.ConfigurationManager.getConfiguration(ConfigurationManager.java:55)
	... 21 more
2017-01-22 23:00:16,683 [com.opensymphony.xwork2.config.providers.XmlConfigurationProvider]-[INFO] Parsing configuration file [struts-default.xml]
2017-01-22 23:00:16,753 [com.opensymphony.xwork2.config.providers.XmlConfigurationProvider]-[INFO] Unable to locate configuration files of the name struts-plugin.xml, skipping
2017-01-22 23:00:16,753 [com.opensymphony.xwork2.config.providers.XmlConfigurationProvider]-[INFO] Parsing configuration file [struts-plugin.xml]
2017-01-22 23:00:16,798 [com.opensymphony.xwork2.config.providers.XmlConfigurationProvider]-[INFO] Parsing configuration file [struts.xml]
2017-01-22 23:00:16,802 [com.opensymphony.xwork2.config.impl.DefaultConfiguration]-[INFO] Overriding property struts.i18n.reload - old value: false new value: true
2017-01-22 23:00:16,980 [org.apache.struts2.dispatcher.Dispatcher]-[ERROR] Dispatcher initialization failed
Unable to load configuration. - action - file:/D:/Workspaces/blog-admin/target/classes/indexBean.xml:8:62
	at com.opensymphony.xwork2.config.ConfigurationManager.getConfiguration(ConfigurationManager.java:58)
	at org.apache.struts2.dispatcher.Dispatcher.init_PreloadConfiguration(Dispatcher.java:374)
	at org.apache.struts2.dispatcher.Dispatcher.init(Dispatcher.java:418)
	at org.apache.struts2.dispatcher.ng.InitOperations.initDispatcher(InitOperations.java:69)
	at org.apache.struts2.dispatcher.ng.filter.StrutsPrepareAndExecuteFilter.init(StrutsPrepareAndExecuteFilter.java:51)
	at org.eclipse.jetty.servlet.FilterHolder.doStart(FilterHolder.java:119)
	at org.eclipse.jetty.util.component.AbstractLifeCycle.start(AbstractLifeCycle.java:64)
	at org.eclipse.jetty.servlet.ServletHandler.initialize(ServletHandler.java:724)
	at org.eclipse.jetty.servlet.ServletContextHandler.startContext(ServletContextHandler.java:265)
	at org.eclipse.jetty.webapp.WebAppContext.startContext(WebAppContext.java:1250)
	at org.eclipse.jetty.server.handler.ContextHandler.doStart(ContextHandler.java:706)
	at org.eclipse.jetty.webapp.WebAppContext.doStart(WebAppContext.java:492)
	at org.mortbay.jetty.plugin.JettyWebAppContext.doStart(JettyWebAppContext.java:293)
	at org.eclipse.jetty.util.component.AbstractLifeCycle.start(AbstractLifeCycle.java:64)
	at org.eclipse.jetty.server.handler.HandlerCollection.doStart(HandlerCollection.java:229)
	at org.eclipse.jetty.server.handler.ContextHandlerCollection.doStart(ContextHandlerCollection.java:172)
	at org.eclipse.jetty.util.component.AbstractLifeCycle.start(AbstractLifeCycle.java:64)
	at org.eclipse.jetty.server.handler.HandlerCollection.doStart(HandlerCollection.java:229)
	at org.eclipse.jetty.util.component.AbstractLifeCycle.start(AbstractLifeCycle.java:64)
	at org.eclipse.jetty.server.handler.HandlerWrapper.doStart(HandlerWrapper.java:95)
	at org.eclipse.jetty.server.Server.doStart(Server.java:277)
	at org.mortbay.jetty.plugin.JettyServer.doStart(JettyServer.java:65)
	at org.eclipse.jetty.util.component.AbstractLifeCycle.start(AbstractLifeCycle.java:64)
	at org.mortbay.jetty.plugin.AbstractJettyMojo.startJetty(AbstractJettyMojo.java:511)
	at org.mortbay.jetty.plugin.AbstractJettyMojo.execute(AbstractJettyMojo.java:364)
	at org.mortbay.jetty.plugin.JettyRunMojo.execute(JettyRunMojo.java:523)
	at org.apache.maven.plugin.DefaultBuildPluginManager.executeMojo(DefaultBuildPluginManager.java:134)
	at org.apache.maven.lifecycle.internal.MojoExecutor.execute(MojoExecutor.java:207)
	at org.apache.maven.lifecycle.internal.MojoExecutor.execute(MojoExecutor.java:153)
	at org.apache.maven.lifecycle.internal.MojoExecutor.execute(MojoExecutor.java:145)
	at org.apache.maven.lifecycle.internal.LifecycleModuleBuilder.buildProject(LifecycleModuleBuilder.java:116)
	at org.apache.maven.lifecycle.internal.LifecycleModuleBuilder.buildProject(LifecycleModuleBuilder.java:80)
	at org.apache.maven.lifecycle.internal.builder.singlethreaded.SingleThreadedBuilder.build(SingleThreadedBuilder.java:51)
	at org.apache.maven.lifecycle.internal.LifecycleStarter.execute(LifecycleStarter.java:128)
	at org.apache.maven.DefaultMaven.doExecute(DefaultMaven.java:307)
	at org.apache.maven.DefaultMaven.doExecute(DefaultMaven.java:193)
	at org.apache.maven.DefaultMaven.execute(DefaultMaven.java:106)
	at org.apache.maven.cli.MavenCli.execute(MavenCli.java:863)
	at org.apache.maven.cli.MavenCli.doMain(MavenCli.java:288)
	at org.apache.maven.cli.MavenCli.main(MavenCli.java:199)
	at sun.reflect.NativeMethodAccessorImpl.invoke0(Native Method)
	at sun.reflect.NativeMethodAccessorImpl.invoke(NativeMethodAccessorImpl.java:57)
	at sun.reflect.DelegatingMethodAccessorImpl.invoke(DelegatingMethodAccessorImpl.java:43)
	at java.lang.reflect.Method.invoke(Method.java:606)
	at org.codehaus.plexus.classworlds.launcher.Launcher.launchEnhanced(Launcher.java:289)
	at org.codehaus.plexus.classworlds.launcher.Launcher.launch(Launcher.java:229)
	at org.codehaus.plexus.classworlds.launcher.Launcher.mainWithExitCode(Launcher.java:415)
	at org.codehaus.plexus.classworlds.launcher.Launcher.main(Launcher.java:356)
Caused by: Action class [userAction] not found - action - file:/D:/Workspaces/blog-admin/target/classes/indexBean.xml:8:62
	at com.opensymphony.xwork2.config.providers.XmlConfigurationProvider.verifyAction(XmlConfigurationProvider.java:409)
	at com.opensymphony.xwork2.config.providers.XmlConfigurationProvider.addAction(XmlConfigurationProvider.java:354)
	at com.opensymphony.xwork2.config.providers.XmlConfigurationProvider.addPackage(XmlConfigurationProvider.java:468)
	at com.opensymphony.xwork2.config.providers.XmlConfigurationProvider.reloadRequiredPackages(XmlConfigurationProvider.java:290)
	at com.opensymphony.xwork2.config.providers.XmlConfigurationProvider.loadPackages(XmlConfigurationProvider.java:275)
	at org.apache.struts2.config.StrutsXmlConfigurationProvider.loadPackages(StrutsXmlConfigurationProvider.java:111)
	at com.opensymphony.xwork2.config.impl.DefaultConfiguration.reloadContainer(DefaultConfiguration.java:193)
	at com.opensymphony.xwork2.config.ConfigurationManager.getConfiguration(ConfigurationManager.java:55)
	... 47 more
2017-01-22 23:01:42,120 [com.opensymphony.xwork2.config.providers.XmlConfigurationProvider]-[INFO] Parsing configuration file [struts-default.xml]
2017-01-22 23:01:42,196 [com.opensymphony.xwork2.config.providers.XmlConfigurationProvider]-[INFO] Unable to locate configuration files of the name struts-plugin.xml, skipping
2017-01-22 23:01:42,196 [com.opensymphony.xwork2.config.providers.XmlConfigurationProvider]-[INFO] Parsing configuration file [struts-plugin.xml]
2017-01-22 23:01:42,253 [com.opensymphony.xwork2.config.providers.XmlConfigurationProvider]-[INFO] Parsing configuration file [struts.xml]
2017-01-22 23:01:42,257 [com.opensymphony.xwork2.config.impl.DefaultConfiguration]-[INFO] Overriding property struts.i18n.reload - old value: false new value: true
2017-01-22 23:01:42,437 [org.apache.struts2.dispatcher.Dispatcher]-[ERROR] Dispatcher initialization failed
Unable to load configuration. - action - file:/D:/Workspaces/blog-admin/target/classes/indexBean.xml:12:65
	at com.opensymphony.xwork2.config.ConfigurationManager.getConfiguration(ConfigurationManager.java:58)
	at org.apache.struts2.dispatcher.Dispatcher.init_PreloadConfiguration(Dispatcher.java:374)
	at org.apache.struts2.dispatcher.Dispatcher.init(Dispatcher.java:418)
	at org.apache.struts2.dispatcher.ng.InitOperations.initDispatcher(InitOperations.java:69)
	at org.apache.struts2.dispatcher.ng.filter.StrutsPrepareAndExecuteFilter.init(StrutsPrepareAndExecuteFilter.java:51)
	at org.eclipse.jetty.servlet.FilterHolder.doStart(FilterHolder.java:119)
	at org.eclipse.jetty.util.component.AbstractLifeCycle.start(AbstractLifeCycle.java:64)
	at org.eclipse.jetty.servlet.ServletHandler.initialize(ServletHandler.java:724)
	at org.eclipse.jetty.servlet.ServletContextHandler.startContext(ServletContextHandler.java:265)
	at org.eclipse.jetty.webapp.WebAppContext.startContext(WebAppContext.java:1250)
	at org.eclipse.jetty.server.handler.ContextHandler.doStart(ContextHandler.java:706)
	at org.eclipse.jetty.webapp.WebAppContext.doStart(WebAppContext.java:492)
	at org.mortbay.jetty.plugin.JettyWebAppContext.doStart(JettyWebAppContext.java:293)
	at org.eclipse.jetty.util.component.AbstractLifeCycle.start(AbstractLifeCycle.java:64)
	at org.eclipse.jetty.server.handler.HandlerCollection.doStart(HandlerCollection.java:229)
	at org.eclipse.jetty.server.handler.ContextHandlerCollection.doStart(ContextHandlerCollection.java:172)
	at org.eclipse.jetty.util.component.AbstractLifeCycle.start(AbstractLifeCycle.java:64)
	at org.eclipse.jetty.server.handler.HandlerCollection.doStart(HandlerCollection.java:229)
	at org.eclipse.jetty.util.component.AbstractLifeCycle.start(AbstractLifeCycle.java:64)
	at org.eclipse.jetty.server.handler.HandlerWrapper.doStart(HandlerWrapper.java:95)
	at org.eclipse.jetty.server.Server.doStart(Server.java:277)
	at org.mortbay.jetty.plugin.JettyServer.doStart(JettyServer.java:65)
	at org.eclipse.jetty.util.component.AbstractLifeCycle.start(AbstractLifeCycle.java:64)
	at org.mortbay.jetty.plugin.AbstractJettyMojo.startJetty(AbstractJettyMojo.java:511)
	at org.mortbay.jetty.plugin.AbstractJettyMojo.execute(AbstractJettyMojo.java:364)
	at org.mortbay.jetty.plugin.JettyRunMojo.execute(JettyRunMojo.java:523)
	at org.apache.maven.plugin.DefaultBuildPluginManager.executeMojo(DefaultBuildPluginManager.java:134)
	at org.apache.maven.lifecycle.internal.MojoExecutor.execute(MojoExecutor.java:207)
	at org.apache.maven.lifecycle.internal.MojoExecutor.execute(MojoExecutor.java:153)
	at org.apache.maven.lifecycle.internal.MojoExecutor.execute(MojoExecutor.java:145)
	at org.apache.maven.lifecycle.internal.LifecycleModuleBuilder.buildProject(LifecycleModuleBuilder.java:116)
	at org.apache.maven.lifecycle.internal.LifecycleModuleBuilder.buildProject(LifecycleModuleBuilder.java:80)
	at org.apache.maven.lifecycle.internal.builder.singlethreaded.SingleThreadedBuilder.build(SingleThreadedBuilder.java:51)
	at org.apache.maven.lifecycle.internal.LifecycleStarter.execute(LifecycleStarter.java:128)
	at org.apache.maven.DefaultMaven.doExecute(DefaultMaven.java:307)
	at org.apache.maven.DefaultMaven.doExecute(DefaultMaven.java:193)
	at org.apache.maven.DefaultMaven.execute(DefaultMaven.java:106)
	at org.apache.maven.cli.MavenCli.execute(MavenCli.java:863)
	at org.apache.maven.cli.MavenCli.doMain(MavenCli.java:288)
	at org.apache.maven.cli.MavenCli.main(MavenCli.java:199)
	at sun.reflect.NativeMethodAccessorImpl.invoke0(Native Method)
	at sun.reflect.NativeMethodAccessorImpl.invoke(NativeMethodAccessorImpl.java:57)
	at sun.reflect.DelegatingMethodAccessorImpl.invoke(DelegatingMethodAccessorImpl.java:43)
	at java.lang.reflect.Method.invoke(Method.java:606)
	at org.codehaus.plexus.classworlds.launcher.Launcher.launchEnhanced(Launcher.java:289)
	at org.codehaus.plexus.classworlds.launcher.Launcher.launch(Launcher.java:229)
	at org.codehaus.plexus.classworlds.launcher.Launcher.mainWithExitCode(Launcher.java:415)
	at org.codehaus.plexus.classworlds.launcher.Launcher.main(Launcher.java:356)
Caused by: Action class [userAction] not found - action - file:/D:/Workspaces/blog-admin/target/classes/indexBean.xml:12:65
	at com.opensymphony.xwork2.config.providers.XmlConfigurationProvider.verifyAction(XmlConfigurationProvider.java:409)
	at com.opensymphony.xwork2.config.providers.XmlConfigurationProvider.addAction(XmlConfigurationProvider.java:354)
	at com.opensymphony.xwork2.config.providers.XmlConfigurationProvider.addPackage(XmlConfigurationProvider.java:468)
	at com.opensymphony.xwork2.config.providers.XmlConfigurationProvider.reloadRequiredPackages(XmlConfigurationProvider.java:290)
	at com.opensymphony.xwork2.config.providers.XmlConfigurationProvider.loadPackages(XmlConfigurationProvider.java:275)
	at org.apache.struts2.config.StrutsXmlConfigurationProvider.loadPackages(StrutsXmlConfigurationProvider.java:111)
	at com.opensymphony.xwork2.config.impl.DefaultConfiguration.reloadContainer(DefaultConfiguration.java:193)
	at com.opensymphony.xwork2.config.ConfigurationManager.getConfiguration(ConfigurationManager.java:55)
	... 47 more
2017-01-22 23:02:21,566 [com.opensymphony.xwork2.config.providers.XmlConfigurationProvider]-[INFO] Parsing configuration file [struts-default.xml]
2017-01-22 23:02:21,632 [com.opensymphony.xwork2.config.providers.XmlConfigurationProvider]-[INFO] Unable to locate configuration files of the name struts-plugin.xml, skipping
2017-01-22 23:02:21,632 [com.opensymphony.xwork2.config.providers.XmlConfigurationProvider]-[INFO] Parsing configuration file [struts-plugin.xml]
2017-01-22 23:02:21,674 [com.opensymphony.xwork2.config.providers.XmlConfigurationProvider]-[INFO] Parsing configuration file [struts.xml]
2017-01-22 23:02:21,677 [com.opensymphony.xwork2.config.impl.DefaultConfiguration]-[INFO] Overriding property struts.i18n.reload - old value: false new value: true
2017-01-22 23:02:21,837 [org.apache.struts2.dispatcher.Dispatcher]-[ERROR] Dispatcher initialization failed
Unable to load configuration. - action - file:/D:/Workspaces/blog-admin/target/classes/indexBean.xml:17:59
	at com.opensymphony.xwork2.config.ConfigurationManager.getConfiguration(ConfigurationManager.java:58)
	at org.apache.struts2.dispatcher.Dispatcher.init_PreloadConfiguration(Dispatcher.java:374)
	at org.apache.struts2.dispatcher.Dispatcher.init(Dispatcher.java:418)
	at org.apache.struts2.dispatcher.ng.InitOperations.initDispatcher(InitOperations.java:69)
	at org.apache.struts2.dispatcher.ng.filter.StrutsPrepareAndExecuteFilter.init(StrutsPrepareAndExecuteFilter.java:51)
	at org.eclipse.jetty.servlet.FilterHolder.doStart(FilterHolder.java:119)
	at org.eclipse.jetty.util.component.AbstractLifeCycle.start(AbstractLifeCycle.java:64)
	at org.eclipse.jetty.servlet.ServletHandler.initialize(ServletHandler.java:724)
	at org.eclipse.jetty.servlet.ServletContextHandler.startContext(ServletContextHandler.java:265)
	at org.eclipse.jetty.webapp.WebAppContext.startContext(WebAppContext.java:1250)
	at org.eclipse.jetty.server.handler.ContextHandler.doStart(ContextHandler.java:706)
	at org.eclipse.jetty.webapp.WebAppContext.doStart(WebAppContext.java:492)
	at org.mortbay.jetty.plugin.JettyWebAppContext.doStart(JettyWebAppContext.java:293)
	at org.eclipse.jetty.util.component.AbstractLifeCycle.start(AbstractLifeCycle.java:64)
	at org.mortbay.jetty.plugin.JettyRunMojo.restartWebApp(JettyRunMojo.java:435)
	at org.mortbay.jetty.plugin.JettyRunMojo$1.filesChanged(JettyRunMojo.java:394)
	at org.eclipse.jetty.util.Scanner.reportBulkChanges(Scanner.java:685)
	at org.eclipse.jetty.util.Scanner.reportDifferences(Scanner.java:551)
	at org.eclipse.jetty.util.Scanner.scan(Scanner.java:403)
	at org.eclipse.jetty.util.Scanner$1.run(Scanner.java:353)
	at java.util.TimerThread.mainLoop(Timer.java:555)
	at java.util.TimerThread.run(Timer.java:505)
Caused by: Action class [indexAction] not found - action - file:/D:/Workspaces/blog-admin/target/classes/indexBean.xml:17:59
	at com.opensymphony.xwork2.config.providers.XmlConfigurationProvider.verifyAction(XmlConfigurationProvider.java:409)
	at com.opensymphony.xwork2.config.providers.XmlConfigurationProvider.addAction(XmlConfigurationProvider.java:354)
	at com.opensymphony.xwork2.config.providers.XmlConfigurationProvider.addPackage(XmlConfigurationProvider.java:468)
	at com.opensymphony.xwork2.config.providers.XmlConfigurationProvider.reloadRequiredPackages(XmlConfigurationProvider.java:290)
	at com.opensymphony.xwork2.config.providers.XmlConfigurationProvider.loadPackages(XmlConfigurationProvider.java:275)
	at org.apache.struts2.config.StrutsXmlConfigurationProvider.loadPackages(StrutsXmlConfigurationProvider.java:111)
	at com.opensymphony.xwork2.config.impl.DefaultConfiguration.reloadContainer(DefaultConfiguration.java:193)
	at com.opensymphony.xwork2.config.ConfigurationManager.getConfiguration(ConfigurationManager.java:55)
	... 21 more
2017-01-22 23:03:09,845 [com.opensymphony.xwork2.config.providers.XmlConfigurationProvider]-[INFO] Parsing configuration file [struts-default.xml]
2017-01-22 23:03:09,903 [com.opensymphony.xwork2.config.providers.XmlConfigurationProvider]-[INFO] Unable to locate configuration files of the name struts-plugin.xml, skipping
2017-01-22 23:03:09,904 [com.opensymphony.xwork2.config.providers.XmlConfigurationProvider]-[INFO] Parsing configuration file [struts-plugin.xml]
2017-01-22 23:03:09,940 [com.opensymphony.xwork2.config.providers.XmlConfigurationProvider]-[INFO] Parsing configuration file [struts.xml]
2017-01-22 23:03:09,944 [com.opensymphony.xwork2.config.impl.DefaultConfiguration]-[INFO] Overriding property struts.i18n.reload - old value: false new value: true
2017-01-22 23:03:10,099 [org.apache.struts2.dispatcher.Dispatcher]-[ERROR] Dispatcher initialization failed
Unable to load configuration. - action - file:/D:/Workspaces/blog-admin/target/classes/indexBean.xml:8:62
	at com.opensymphony.xwork2.config.ConfigurationManager.getConfiguration(ConfigurationManager.java:58)
	at org.apache.struts2.dispatcher.Dispatcher.init_PreloadConfiguration(Dispatcher.java:374)
	at org.apache.struts2.dispatcher.Dispatcher.init(Dispatcher.java:418)
	at org.apache.struts2.dispatcher.ng.InitOperations.initDispatcher(InitOperations.java:69)
	at org.apache.struts2.dispatcher.ng.filter.StrutsPrepareAndExecuteFilter.init(StrutsPrepareAndExecuteFilter.java:51)
	at org.eclipse.jetty.servlet.FilterHolder.doStart(FilterHolder.java:119)
	at org.eclipse.jetty.util.component.AbstractLifeCycle.start(AbstractLifeCycle.java:64)
	at org.eclipse.jetty.servlet.ServletHandler.initialize(ServletHandler.java:724)
	at org.eclipse.jetty.servlet.ServletContextHandler.startContext(ServletContextHandler.java:265)
	at org.eclipse.jetty.webapp.WebAppContext.startContext(WebAppContext.java:1250)
	at org.eclipse.jetty.server.handler.ContextHandler.doStart(ContextHandler.java:706)
	at org.eclipse.jetty.webapp.WebAppContext.doStart(WebAppContext.java:492)
	at org.mortbay.jetty.plugin.JettyWebAppContext.doStart(JettyWebAppContext.java:293)
	at org.eclipse.jetty.util.component.AbstractLifeCycle.start(AbstractLifeCycle.java:64)
	at org.mortbay.jetty.plugin.JettyRunMojo.restartWebApp(JettyRunMojo.java:435)
	at org.mortbay.jetty.plugin.JettyRunMojo$1.filesChanged(JettyRunMojo.java:394)
	at org.eclipse.jetty.util.Scanner.reportBulkChanges(Scanner.java:685)
	at org.eclipse.jetty.util.Scanner.reportDifferences(Scanner.java:551)
	at org.eclipse.jetty.util.Scanner.scan(Scanner.java:403)
	at org.eclipse.jetty.util.Scanner$1.run(Scanner.java:353)
	at java.util.TimerThread.mainLoop(Timer.java:555)
	at java.util.TimerThread.run(Timer.java:505)
Caused by: Action class [userAction] not found - action - file:/D:/Workspaces/blog-admin/target/classes/indexBean.xml:8:62
	at com.opensymphony.xwork2.config.providers.XmlConfigurationProvider.verifyAction(XmlConfigurationProvider.java:409)
	at com.opensymphony.xwork2.config.providers.XmlConfigurationProvider.addAction(XmlConfigurationProvider.java:354)
	at com.opensymphony.xwork2.config.providers.XmlConfigurationProvider.addPackage(XmlConfigurationProvider.java:468)
	at com.opensymphony.xwork2.config.providers.XmlConfigurationProvider.reloadRequiredPackages(XmlConfigurationProvider.java:290)
	at com.opensymphony.xwork2.config.providers.XmlConfigurationProvider.loadPackages(XmlConfigurationProvider.java:275)
	at org.apache.struts2.config.StrutsXmlConfigurationProvider.loadPackages(StrutsXmlConfigurationProvider.java:111)
	at com.opensymphony.xwork2.config.impl.DefaultConfiguration.reloadContainer(DefaultConfiguration.java:193)
	at com.opensymphony.xwork2.config.ConfigurationManager.getConfiguration(ConfigurationManager.java:55)
	... 21 more
2017-01-22 23:04:02,484 [com.opensymphony.xwork2.config.providers.XmlConfigurationProvider]-[INFO] Parsing configuration file [struts-default.xml]
2017-01-22 23:04:02,589 [com.opensymphony.xwork2.config.providers.XmlConfigurationProvider]-[INFO] Unable to locate configuration files of the name struts-plugin.xml, skipping
2017-01-22 23:04:02,589 [com.opensymphony.xwork2.config.providers.XmlConfigurationProvider]-[INFO] Parsing configuration file [struts-plugin.xml]
2017-01-22 23:04:02,641 [com.opensymphony.xwork2.config.providers.XmlConfigurationProvider]-[INFO] Parsing configuration file [struts.xml]
2017-01-22 23:04:02,647 [com.opensymphony.xwork2.config.impl.DefaultConfiguration]-[INFO] Overriding property struts.i18n.reload - old value: false new value: true
2017-01-22 23:04:02,908 [org.apache.struts2.dispatcher.Dispatcher]-[ERROR] Dispatcher initialization failed
Unable to load configuration. - action - file:/D:/Workspaces/blog-admin/target/classes/indexBean.xml:8:62
	at com.opensymphony.xwork2.config.ConfigurationManager.getConfiguration(ConfigurationManager.java:58)
	at org.apache.struts2.dispatcher.Dispatcher.init_PreloadConfiguration(Dispatcher.java:374)
	at org.apache.struts2.dispatcher.Dispatcher.init(Dispatcher.java:418)
	at org.apache.struts2.dispatcher.ng.InitOperations.initDispatcher(InitOperations.java:69)
	at org.apache.struts2.dispatcher.ng.filter.StrutsPrepareAndExecuteFilter.init(StrutsPrepareAndExecuteFilter.java:51)
	at org.eclipse.jetty.servlet.FilterHolder.doStart(FilterHolder.java:119)
	at org.eclipse.jetty.util.component.AbstractLifeCycle.start(AbstractLifeCycle.java:64)
	at org.eclipse.jetty.servlet.ServletHandler.initialize(ServletHandler.java:724)
	at org.eclipse.jetty.servlet.ServletContextHandler.startContext(ServletContextHandler.java:265)
	at org.eclipse.jetty.webapp.WebAppContext.startContext(WebAppContext.java:1250)
	at org.eclipse.jetty.server.handler.ContextHandler.doStart(ContextHandler.java:706)
	at org.eclipse.jetty.webapp.WebAppContext.doStart(WebAppContext.java:492)
	at org.mortbay.jetty.plugin.JettyWebAppContext.doStart(JettyWebAppContext.java:293)
	at org.eclipse.jetty.util.component.AbstractLifeCycle.start(AbstractLifeCycle.java:64)
	at org.mortbay.jetty.plugin.JettyRunMojo.restartWebApp(JettyRunMojo.java:435)
	at org.mortbay.jetty.plugin.JettyRunMojo$1.filesChanged(JettyRunMojo.java:394)
	at org.eclipse.jetty.util.Scanner.reportBulkChanges(Scanner.java:685)
	at org.eclipse.jetty.util.Scanner.reportDifferences(Scanner.java:551)
	at org.eclipse.jetty.util.Scanner.scan(Scanner.java:403)
	at org.eclipse.jetty.util.Scanner$1.run(Scanner.java:353)
	at java.util.TimerThread.mainLoop(Timer.java:555)
	at java.util.TimerThread.run(Timer.java:505)
Caused by: Action class [userAction] not found - action - file:/D:/Workspaces/blog-admin/target/classes/indexBean.xml:8:62
	at com.opensymphony.xwork2.config.providers.XmlConfigurationProvider.verifyAction(XmlConfigurationProvider.java:409)
	at com.opensymphony.xwork2.config.providers.XmlConfigurationProvider.addAction(XmlConfigurationProvider.java:354)
	at com.opensymphony.xwork2.config.providers.XmlConfigurationProvider.addPackage(XmlConfigurationProvider.java:468)
	at com.opensymphony.xwork2.config.providers.XmlConfigurationProvider.reloadRequiredPackages(XmlConfigurationProvider.java:290)
	at com.opensymphony.xwork2.config.providers.XmlConfigurationProvider.loadPackages(XmlConfigurationProvider.java:275)
	at org.apache.struts2.config.StrutsXmlConfigurationProvider.loadPackages(StrutsXmlConfigurationProvider.java:111)
	at com.opensymphony.xwork2.config.impl.DefaultConfiguration.reloadContainer(DefaultConfiguration.java:193)
	at com.opensymphony.xwork2.config.ConfigurationManager.getConfiguration(ConfigurationManager.java:55)
	... 21 more
2017-01-22 23:04:22,552 [com.opensymphony.xwork2.config.providers.XmlConfigurationProvider]-[INFO] Parsing configuration file [struts-default.xml]
2017-01-22 23:04:22,641 [com.opensymphony.xwork2.config.providers.XmlConfigurationProvider]-[INFO] Unable to locate configuration files of the name struts-plugin.xml, skipping
2017-01-22 23:04:22,641 [com.opensymphony.xwork2.config.providers.XmlConfigurationProvider]-[INFO] Parsing configuration file [struts-plugin.xml]
2017-01-22 23:04:22,683 [com.opensymphony.xwork2.config.providers.XmlConfigurationProvider]-[INFO] Parsing configuration file [struts.xml]
2017-01-22 23:04:22,687 [com.opensymphony.xwork2.config.impl.DefaultConfiguration]-[INFO] Overriding property struts.i18n.reload - old value: false new value: true
2017-01-22 23:04:22,837 [org.apache.struts2.dispatcher.Dispatcher]-[ERROR] Dispatcher initialization failed
Unable to load configuration. - action - file:/D:/Workspaces/blog-admin/target/classes/indexBean.xml:8:62
	at com.opensymphony.xwork2.config.ConfigurationManager.getConfiguration(ConfigurationManager.java:58)
	at org.apache.struts2.dispatcher.Dispatcher.init_PreloadConfiguration(Dispatcher.java:374)
	at org.apache.struts2.dispatcher.Dispatcher.init(Dispatcher.java:418)
	at org.apache.struts2.dispatcher.ng.InitOperations.initDispatcher(InitOperations.java:69)
	at org.apache.struts2.dispatcher.ng.filter.StrutsPrepareAndExecuteFilter.init(StrutsPrepareAndExecuteFilter.java:51)
	at org.eclipse.jetty.servlet.FilterHolder.doStart(FilterHolder.java:119)
	at org.eclipse.jetty.util.component.AbstractLifeCycle.start(AbstractLifeCycle.java:64)
	at org.eclipse.jetty.servlet.ServletHandler.initialize(ServletHandler.java:724)
	at org.eclipse.jetty.servlet.ServletContextHandler.startContext(ServletContextHandler.java:265)
	at org.eclipse.jetty.webapp.WebAppContext.startContext(WebAppContext.java:1250)
	at org.eclipse.jetty.server.handler.ContextHandler.doStart(ContextHandler.java:706)
	at org.eclipse.jetty.webapp.WebAppContext.doStart(WebAppContext.java:492)
	at org.mortbay.jetty.plugin.JettyWebAppContext.doStart(JettyWebAppContext.java:293)
	at org.eclipse.jetty.util.component.AbstractLifeCycle.start(AbstractLifeCycle.java:64)
	at org.mortbay.jetty.plugin.JettyRunMojo.restartWebApp(JettyRunMojo.java:435)
	at org.mortbay.jetty.plugin.JettyRunMojo$1.filesChanged(JettyRunMojo.java:394)
	at org.eclipse.jetty.util.Scanner.reportBulkChanges(Scanner.java:685)
	at org.eclipse.jetty.util.Scanner.reportDifferences(Scanner.java:551)
	at org.eclipse.jetty.util.Scanner.scan(Scanner.java:403)
	at org.eclipse.jetty.util.Scanner$1.run(Scanner.java:353)
	at java.util.TimerThread.mainLoop(Timer.java:555)
	at java.util.TimerThread.run(Timer.java:505)
Caused by: Action class [userAction] not found - action - file:/D:/Workspaces/blog-admin/target/classes/indexBean.xml:8:62
	at com.opensymphony.xwork2.config.providers.XmlConfigurationProvider.verifyAction(XmlConfigurationProvider.java:409)
	at com.opensymphony.xwork2.config.providers.XmlConfigurationProvider.addAction(XmlConfigurationProvider.java:354)
	at com.opensymphony.xwork2.config.providers.XmlConfigurationProvider.addPackage(XmlConfigurationProvider.java:468)
	at com.opensymphony.xwork2.config.providers.XmlConfigurationProvider.reloadRequiredPackages(XmlConfigurationProvider.java:290)
	at com.opensymphony.xwork2.config.providers.XmlConfigurationProvider.loadPackages(XmlConfigurationProvider.java:275)
	at org.apache.struts2.config.StrutsXmlConfigurationProvider.loadPackages(StrutsXmlConfigurationProvider.java:111)
	at com.opensymphony.xwork2.config.impl.DefaultConfiguration.reloadContainer(DefaultConfiguration.java:193)
	at com.opensymphony.xwork2.config.ConfigurationManager.getConfiguration(ConfigurationManager.java:55)
	... 21 more
2017-01-22 23:08:47,290 [com.opensymphony.xwork2.config.providers.XmlConfigurationProvider]-[INFO] Parsing configuration file [struts-default.xml]
2017-01-22 23:08:47,380 [com.opensymphony.xwork2.config.providers.XmlConfigurationProvider]-[INFO] Parsing configuration file [struts-plugin.xml]
2017-01-22 23:08:47,455 [com.opensymphony.xwork2.config.providers.XmlConfigurationProvider]-[INFO] Parsing configuration file [struts.xml]
2017-01-22 23:08:47,463 [com.opensymphony.xwork2.config.impl.DefaultConfiguration]-[INFO] Overriding property struts.i18n.reload - old value: false new value: true
2017-01-22 23:08:47,550 [org.apache.struts2.spring.StrutsSpringObjectFactory]-[INFO] Initializing Struts-Spring integration...
2017-01-22 23:08:47,550 [com.opensymphony.xwork2.spring.SpringObjectFactory]-[INFO] Setting autowire strategy to name
2017-01-22 23:08:47,550 [org.apache.struts2.spring.StrutsSpringObjectFactory]-[INFO] ... initialized Struts-Spring integration successfully
2017-01-22 23:08:48,115 [org.apache.struts2.dispatcher.Dispatcher]-[ERROR] Dispatcher initialization failed
Unable to load configuration. - action - file:/D:/Workspaces/blog-admin/target/classes/indexBean.xml:28:68
	at com.opensymphony.xwork2.config.ConfigurationManager.getConfiguration(ConfigurationManager.java:58)
	at org.apache.struts2.dispatcher.Dispatcher.init_PreloadConfiguration(Dispatcher.java:374)
	at org.apache.struts2.dispatcher.Dispatcher.init(Dispatcher.java:418)
	at org.apache.struts2.dispatcher.ng.InitOperations.initDispatcher(InitOperations.java:69)
	at org.apache.struts2.dispatcher.ng.filter.StrutsPrepareAndExecuteFilter.init(StrutsPrepareAndExecuteFilter.java:51)
	at org.eclipse.jetty.servlet.FilterHolder.doStart(FilterHolder.java:119)
	at org.eclipse.jetty.util.component.AbstractLifeCycle.start(AbstractLifeCycle.java:64)
	at org.eclipse.jetty.servlet.ServletHandler.initialize(ServletHandler.java:724)
	at org.eclipse.jetty.servlet.ServletContextHandler.startContext(ServletContextHandler.java:265)
	at org.eclipse.jetty.webapp.WebAppContext.startContext(WebAppContext.java:1250)
	at org.eclipse.jetty.server.handler.ContextHandler.doStart(ContextHandler.java:706)
	at org.eclipse.jetty.webapp.WebAppContext.doStart(WebAppContext.java:492)
	at org.mortbay.jetty.plugin.JettyWebAppContext.doStart(JettyWebAppContext.java:293)
	at org.eclipse.jetty.util.component.AbstractLifeCycle.start(AbstractLifeCycle.java:64)
	at org.eclipse.jetty.server.handler.HandlerCollection.doStart(HandlerCollection.java:229)
	at org.eclipse.jetty.server.handler.ContextHandlerCollection.doStart(ContextHandlerCollection.java:172)
	at org.eclipse.jetty.util.component.AbstractLifeCycle.start(AbstractLifeCycle.java:64)
	at org.eclipse.jetty.server.handler.HandlerCollection.doStart(HandlerCollection.java:229)
	at org.eclipse.jetty.util.component.AbstractLifeCycle.start(AbstractLifeCycle.java:64)
	at org.eclipse.jetty.server.handler.HandlerWrapper.doStart(HandlerWrapper.java:95)
	at org.eclipse.jetty.server.Server.doStart(Server.java:277)
	at org.mortbay.jetty.plugin.JettyServer.doStart(JettyServer.java:65)
	at org.eclipse.jetty.util.component.AbstractLifeCycle.start(AbstractLifeCycle.java:64)
	at org.mortbay.jetty.plugin.AbstractJettyMojo.startJetty(AbstractJettyMojo.java:511)
	at org.mortbay.jetty.plugin.AbstractJettyMojo.execute(AbstractJettyMojo.java:364)
	at org.mortbay.jetty.plugin.JettyRunMojo.execute(JettyRunMojo.java:523)
	at org.apache.maven.plugin.DefaultBuildPluginManager.executeMojo(DefaultBuildPluginManager.java:134)
	at org.apache.maven.lifecycle.internal.MojoExecutor.execute(MojoExecutor.java:207)
	at org.apache.maven.lifecycle.internal.MojoExecutor.execute(MojoExecutor.java:153)
	at org.apache.maven.lifecycle.internal.MojoExecutor.execute(MojoExecutor.java:145)
	at org.apache.maven.lifecycle.internal.LifecycleModuleBuilder.buildProject(LifecycleModuleBuilder.java:116)
	at org.apache.maven.lifecycle.internal.LifecycleModuleBuilder.buildProject(LifecycleModuleBuilder.java:80)
	at org.apache.maven.lifecycle.internal.builder.singlethreaded.SingleThreadedBuilder.build(SingleThreadedBuilder.java:51)
	at org.apache.maven.lifecycle.internal.LifecycleStarter.execute(LifecycleStarter.java:128)
	at org.apache.maven.DefaultMaven.doExecute(DefaultMaven.java:307)
	at org.apache.maven.DefaultMaven.doExecute(DefaultMaven.java:193)
	at org.apache.maven.DefaultMaven.execute(DefaultMaven.java:106)
	at org.apache.maven.cli.MavenCli.execute(MavenCli.java:863)
	at org.apache.maven.cli.MavenCli.doMain(MavenCli.java:288)
	at org.apache.maven.cli.MavenCli.main(MavenCli.java:199)
	at sun.reflect.NativeMethodAccessorImpl.invoke0(Native Method)
	at sun.reflect.NativeMethodAccessorImpl.invoke(NativeMethodAccessorImpl.java:57)
	at sun.reflect.DelegatingMethodAccessorImpl.invoke(DelegatingMethodAccessorImpl.java:43)
	at java.lang.reflect.Method.invoke(Method.java:606)
	at org.codehaus.plexus.classworlds.launcher.Launcher.launchEnhanced(Launcher.java:289)
	at org.codehaus.plexus.classworlds.launcher.Launcher.launch(Launcher.java:229)
	at org.codehaus.plexus.classworlds.launcher.Launcher.mainWithExitCode(Launcher.java:415)
	at org.codehaus.plexus.classworlds.launcher.Launcher.main(Launcher.java:356)
Caused by: Error building results for action categoty in namespace / - action - file:/D:/Workspaces/blog-admin/target/classes/indexBean.xml:28:68
	at com.opensymphony.xwork2.config.providers.XmlConfigurationProvider.addAction(XmlConfigurationProvider.java:367)
	at com.opensymphony.xwork2.config.providers.XmlConfigurationProvider.addPackage(XmlConfigurationProvider.java:468)
	at com.opensymphony.xwork2.config.providers.XmlConfigurationProvider.reloadRequiredPackages(XmlConfigurationProvider.java:290)
	at com.opensymphony.xwork2.config.providers.XmlConfigurationProvider.loadPackages(XmlConfigurationProvider.java:275)
	at org.apache.struts2.config.StrutsXmlConfigurationProvider.loadPackages(StrutsXmlConfigurationProvider.java:111)
	at com.opensymphony.xwork2.config.impl.DefaultConfiguration.reloadContainer(DefaultConfiguration.java:193)
	at com.opensymphony.xwork2.config.ConfigurationManager.getConfiguration(ConfigurationManager.java:55)
	... 47 more
Caused by: There is no result type defined for type 'json' mapped with name 'category'.  Did you mean 'json'? - result - file:/D:/Workspaces/blog-admin/target/classes/indexBean.xml:29:40
	at com.opensymphony.xwork2.config.providers.XmlConfigurationProvider.buildResults(XmlConfigurationProvider.java:621)
	at com.opensymphony.xwork2.config.providers.XmlConfigurationProvider.addAction(XmlConfigurationProvider.java:365)
	... 53 more
2017-01-22 23:17:56,789 [com.opensymphony.xwork2.config.providers.XmlConfigurationProvider]-[INFO] Parsing configuration file [struts-default.xml]
2017-01-22 23:17:56,881 [com.opensymphony.xwork2.config.providers.XmlConfigurationProvider]-[INFO] Parsing configuration file [struts-plugin.xml]
2017-01-22 23:17:56,937 [com.opensymphony.xwork2.config.providers.XmlConfigurationProvider]-[INFO] Parsing configuration file [struts.xml]
2017-01-22 23:17:56,941 [com.opensymphony.xwork2.config.impl.DefaultConfiguration]-[INFO] Overriding property struts.i18n.reload - old value: false new value: true
2017-01-22 23:17:56,997 [org.apache.struts2.spring.StrutsSpringObjectFactory]-[INFO] Initializing Struts-Spring integration...
2017-01-22 23:17:56,998 [com.opensymphony.xwork2.spring.SpringObjectFactory]-[INFO] Setting autowire strategy to name
2017-01-22 23:17:56,998 [org.apache.struts2.spring.StrutsSpringObjectFactory]-[INFO] ... initialized Struts-Spring integration successfully
2017-01-22 23:17:57,508 [org.apache.struts2.dispatcher.Dispatcher]-[ERROR] Dispatcher initialization failed
Unable to load configuration. - action - file:/D:/Workspaces/blog-admin/target/classes/indexBean.xml:28:68
	at com.opensymphony.xwork2.config.ConfigurationManager.getConfiguration(ConfigurationManager.java:58)
	at org.apache.struts2.dispatcher.Dispatcher.init_PreloadConfiguration(Dispatcher.java:374)
	at org.apache.struts2.dispatcher.Dispatcher.init(Dispatcher.java:418)
	at org.apache.struts2.dispatcher.ng.InitOperations.initDispatcher(InitOperations.java:69)
	at org.apache.struts2.dispatcher.ng.filter.StrutsPrepareAndExecuteFilter.init(StrutsPrepareAndExecuteFilter.java:51)
	at org.eclipse.jetty.servlet.FilterHolder.doStart(FilterHolder.java:119)
	at org.eclipse.jetty.util.component.AbstractLifeCycle.start(AbstractLifeCycle.java:64)
	at org.eclipse.jetty.servlet.ServletHandler.initialize(ServletHandler.java:724)
	at org.eclipse.jetty.servlet.ServletContextHandler.startContext(ServletContextHandler.java:265)
	at org.eclipse.jetty.webapp.WebAppContext.startContext(WebAppContext.java:1250)
	at org.eclipse.jetty.server.handler.ContextHandler.doStart(ContextHandler.java:706)
	at org.eclipse.jetty.webapp.WebAppContext.doStart(WebAppContext.java:492)
	at org.mortbay.jetty.plugin.JettyWebAppContext.doStart(JettyWebAppContext.java:293)
	at org.eclipse.jetty.util.component.AbstractLifeCycle.start(AbstractLifeCycle.java:64)
	at org.eclipse.jetty.server.handler.HandlerCollection.doStart(HandlerCollection.java:229)
	at org.eclipse.jetty.server.handler.ContextHandlerCollection.doStart(ContextHandlerCollection.java:172)
	at org.eclipse.jetty.util.component.AbstractLifeCycle.start(AbstractLifeCycle.java:64)
	at org.eclipse.jetty.server.handler.HandlerCollection.doStart(HandlerCollection.java:229)
	at org.eclipse.jetty.util.component.AbstractLifeCycle.start(AbstractLifeCycle.java:64)
	at org.eclipse.jetty.server.handler.HandlerWrapper.doStart(HandlerWrapper.java:95)
	at org.eclipse.jetty.server.Server.doStart(Server.java:277)
	at org.mortbay.jetty.plugin.JettyServer.doStart(JettyServer.java:65)
	at org.eclipse.jetty.util.component.AbstractLifeCycle.start(AbstractLifeCycle.java:64)
	at org.mortbay.jetty.plugin.AbstractJettyMojo.startJetty(AbstractJettyMojo.java:511)
	at org.mortbay.jetty.plugin.AbstractJettyMojo.execute(AbstractJettyMojo.java:364)
	at org.mortbay.jetty.plugin.JettyRunMojo.execute(JettyRunMojo.java:523)
	at org.apache.maven.plugin.DefaultBuildPluginManager.executeMojo(DefaultBuildPluginManager.java:134)
	at org.apache.maven.lifecycle.internal.MojoExecutor.execute(MojoExecutor.java:207)
	at org.apache.maven.lifecycle.internal.MojoExecutor.execute(MojoExecutor.java:153)
	at org.apache.maven.lifecycle.internal.MojoExecutor.execute(MojoExecutor.java:145)
	at org.apache.maven.lifecycle.internal.LifecycleModuleBuilder.buildProject(LifecycleModuleBuilder.java:116)
	at org.apache.maven.lifecycle.internal.LifecycleModuleBuilder.buildProject(LifecycleModuleBuilder.java:80)
	at org.apache.maven.lifecycle.internal.builder.singlethreaded.SingleThreadedBuilder.build(SingleThreadedBuilder.java:51)
	at org.apache.maven.lifecycle.internal.LifecycleStarter.execute(LifecycleStarter.java:128)
	at org.apache.maven.DefaultMaven.doExecute(DefaultMaven.java:307)
	at org.apache.maven.DefaultMaven.doExecute(DefaultMaven.java:193)
	at org.apache.maven.DefaultMaven.execute(DefaultMaven.java:106)
	at org.apache.maven.cli.MavenCli.execute(MavenCli.java:863)
	at org.apache.maven.cli.MavenCli.doMain(MavenCli.java:288)
	at org.apache.maven.cli.MavenCli.main(MavenCli.java:199)
	at sun.reflect.NativeMethodAccessorImpl.invoke0(Native Method)
	at sun.reflect.NativeMethodAccessorImpl.invoke(NativeMethodAccessorImpl.java:57)
	at sun.reflect.DelegatingMethodAccessorImpl.invoke(DelegatingMethodAccessorImpl.java:43)
	at java.lang.reflect.Method.invoke(Method.java:606)
	at org.codehaus.plexus.classworlds.launcher.Launcher.launchEnhanced(Launcher.java:289)
	at org.codehaus.plexus.classworlds.launcher.Launcher.launch(Launcher.java:229)
	at org.codehaus.plexus.classworlds.launcher.Launcher.mainWithExitCode(Launcher.java:415)
	at org.codehaus.plexus.classworlds.launcher.Launcher.main(Launcher.java:356)
Caused by: Error building results for action categoty in namespace / - action - file:/D:/Workspaces/blog-admin/target/classes/indexBean.xml:28:68
	at com.opensymphony.xwork2.config.providers.XmlConfigurationProvider.addAction(XmlConfigurationProvider.java:367)
	at com.opensymphony.xwork2.config.providers.XmlConfigurationProvider.addPackage(XmlConfigurationProvider.java:468)
	at com.opensymphony.xwork2.config.providers.XmlConfigurationProvider.reloadRequiredPackages(XmlConfigurationProvider.java:290)
	at com.opensymphony.xwork2.config.providers.XmlConfigurationProvider.loadPackages(XmlConfigurationProvider.java:275)
	at org.apache.struts2.config.StrutsXmlConfigurationProvider.loadPackages(StrutsXmlConfigurationProvider.java:111)
	at com.opensymphony.xwork2.config.impl.DefaultConfiguration.reloadContainer(DefaultConfiguration.java:193)
	at com.opensymphony.xwork2.config.ConfigurationManager.getConfiguration(ConfigurationManager.java:55)
	... 47 more
Caused by: There is no result type defined for type 'json' mapped with name 'category'.  Did you mean 'json'? - result - file:/D:/Workspaces/blog-admin/target/classes/indexBean.xml:29:40
	at com.opensymphony.xwork2.config.providers.XmlConfigurationProvider.buildResults(XmlConfigurationProvider.java:621)
	at com.opensymphony.xwork2.config.providers.XmlConfigurationProvider.addAction(XmlConfigurationProvider.java:365)
	... 53 more
2017-01-22 23:20:24,331 [com.opensymphony.xwork2.config.providers.XmlConfigurationProvider]-[INFO] Parsing configuration file [struts-default.xml]
2017-01-22 23:20:24,514 [com.opensymphony.xwork2.config.providers.XmlConfigurationProvider]-[INFO] Parsing configuration file [struts-plugin.xml]
2017-01-22 23:20:24,580 [com.opensymphony.xwork2.config.providers.XmlConfigurationProvider]-[INFO] Parsing configuration file [struts.xml]
2017-01-22 23:20:24,588 [com.opensymphony.xwork2.config.impl.DefaultConfiguration]-[INFO] Overriding property struts.i18n.reload - old value: false new value: true
2017-01-22 23:20:24,708 [org.apache.struts2.spring.StrutsSpringObjectFactory]-[INFO] Initializing Struts-Spring integration...
2017-01-22 23:20:24,709 [com.opensymphony.xwork2.spring.SpringObjectFactory]-[INFO] Setting autowire strategy to name
2017-01-22 23:20:24,709 [org.apache.struts2.spring.StrutsSpringObjectFactory]-[INFO] ... initialized Struts-Spring integration successfully
2017-01-22 23:20:25,415 [org.apache.struts2.dispatcher.Dispatcher]-[ERROR] Dispatcher initialization failed
Unable to load configuration. - action - file:/D:/Workspaces/blog-admin/target/classes/indexBean.xml:28:68
	at com.opensymphony.xwork2.config.ConfigurationManager.getConfiguration(ConfigurationManager.java:58)
	at org.apache.struts2.dispatcher.Dispatcher.init_PreloadConfiguration(Dispatcher.java:374)
	at org.apache.struts2.dispatcher.Dispatcher.init(Dispatcher.java:418)
	at org.apache.struts2.dispatcher.ng.InitOperations.initDispatcher(InitOperations.java:69)
	at org.apache.struts2.dispatcher.ng.filter.StrutsPrepareAndExecuteFilter.init(StrutsPrepareAndExecuteFilter.java:51)
	at org.eclipse.jetty.servlet.FilterHolder.doStart(FilterHolder.java:119)
	at org.eclipse.jetty.util.component.AbstractLifeCycle.start(AbstractLifeCycle.java:64)
	at org.eclipse.jetty.servlet.ServletHandler.initialize(ServletHandler.java:724)
	at org.eclipse.jetty.servlet.ServletContextHandler.startContext(ServletContextHandler.java:265)
	at org.eclipse.jetty.webapp.WebAppContext.startContext(WebAppContext.java:1250)
	at org.eclipse.jetty.server.handler.ContextHandler.doStart(ContextHandler.java:706)
	at org.eclipse.jetty.webapp.WebAppContext.doStart(WebAppContext.java:492)
	at org.mortbay.jetty.plugin.JettyWebAppContext.doStart(JettyWebAppContext.java:293)
	at org.eclipse.jetty.util.component.AbstractLifeCycle.start(AbstractLifeCycle.java:64)
	at org.mortbay.jetty.plugin.JettyRunMojo.restartWebApp(JettyRunMojo.java:435)
	at org.mortbay.jetty.plugin.JettyRunMojo$1.filesChanged(JettyRunMojo.java:394)
	at org.eclipse.jetty.util.Scanner.reportBulkChanges(Scanner.java:685)
	at org.eclipse.jetty.util.Scanner.reportDifferences(Scanner.java:551)
	at org.eclipse.jetty.util.Scanner.scan(Scanner.java:403)
	at org.eclipse.jetty.util.Scanner$1.run(Scanner.java:353)
	at java.util.TimerThread.mainLoop(Timer.java:555)
	at java.util.TimerThread.run(Timer.java:505)
Caused by: Error building results for action categoty in namespace / - action - file:/D:/Workspaces/blog-admin/target/classes/indexBean.xml:28:68
	at com.opensymphony.xwork2.config.providers.XmlConfigurationProvider.addAction(XmlConfigurationProvider.java:367)
	at com.opensymphony.xwork2.config.providers.XmlConfigurationProvider.addPackage(XmlConfigurationProvider.java:468)
	at com.opensymphony.xwork2.config.providers.XmlConfigurationProvider.reloadRequiredPackages(XmlConfigurationProvider.java:290)
	at com.opensymphony.xwork2.config.providers.XmlConfigurationProvider.loadPackages(XmlConfigurationProvider.java:275)
	at org.apache.struts2.config.StrutsXmlConfigurationProvider.loadPackages(StrutsXmlConfigurationProvider.java:111)
	at com.opensymphony.xwork2.config.impl.DefaultConfiguration.reloadContainer(DefaultConfiguration.java:193)
	at com.opensymphony.xwork2.config.ConfigurationManager.getConfiguration(ConfigurationManager.java:55)
	... 21 more
Caused by: There is no result type defined for type 'json' mapped with name 'category'.  Did you mean 'json'? - result - file:/D:/Workspaces/blog-admin/target/classes/indexBean.xml:29:40
	at com.opensymphony.xwork2.config.providers.XmlConfigurationProvider.buildResults(XmlConfigurationProvider.java:621)
	at com.opensymphony.xwork2.config.providers.XmlConfigurationProvider.addAction(XmlConfigurationProvider.java:365)
	... 27 more
2017-01-22 23:20:44,154 [com.opensymphony.xwork2.config.providers.XmlConfigurationProvider]-[INFO] Parsing configuration file [struts-default.xml]
2017-01-22 23:20:44,295 [com.opensymphony.xwork2.config.providers.XmlConfigurationProvider]-[INFO] Parsing configuration file [struts-plugin.xml]
2017-01-22 23:20:44,354 [com.opensymphony.xwork2.config.providers.XmlConfigurationProvider]-[INFO] Parsing configuration file [struts.xml]
2017-01-22 23:20:44,360 [com.opensymphony.xwork2.config.impl.DefaultConfiguration]-[INFO] Overriding property struts.i18n.reload - old value: false new value: true
2017-01-22 23:20:44,473 [org.apache.struts2.spring.StrutsSpringObjectFactory]-[INFO] Initializing Struts-Spring integration...
2017-01-22 23:20:44,473 [com.opensymphony.xwork2.spring.SpringObjectFactory]-[INFO] Setting autowire strategy to name
2017-01-22 23:20:44,474 [org.apache.struts2.spring.StrutsSpringObjectFactory]-[INFO] ... initialized Struts-Spring integration successfully
2017-01-22 23:20:45,134 [org.apache.struts2.dispatcher.Dispatcher]-[ERROR] Dispatcher initialization failed
Unable to load configuration. - action - file:/D:/Workspaces/blog-admin/target/classes/indexBean.xml:28:68
	at com.opensymphony.xwork2.config.ConfigurationManager.getConfiguration(ConfigurationManager.java:58)
	at org.apache.struts2.dispatcher.Dispatcher.init_PreloadConfiguration(Dispatcher.java:374)
	at org.apache.struts2.dispatcher.Dispatcher.init(Dispatcher.java:418)
	at org.apache.struts2.dispatcher.ng.InitOperations.initDispatcher(InitOperations.java:69)
	at org.apache.struts2.dispatcher.ng.filter.StrutsPrepareAndExecuteFilter.init(StrutsPrepareAndExecuteFilter.java:51)
	at org.eclipse.jetty.servlet.FilterHolder.doStart(FilterHolder.java:119)
	at org.eclipse.jetty.util.component.AbstractLifeCycle.start(AbstractLifeCycle.java:64)
	at org.eclipse.jetty.servlet.ServletHandler.initialize(ServletHandler.java:724)
	at org.eclipse.jetty.servlet.ServletContextHandler.startContext(ServletContextHandler.java:265)
	at org.eclipse.jetty.webapp.WebAppContext.startContext(WebAppContext.java:1250)
	at org.eclipse.jetty.server.handler.ContextHandler.doStart(ContextHandler.java:706)
	at org.eclipse.jetty.webapp.WebAppContext.doStart(WebAppContext.java:492)
	at org.mortbay.jetty.plugin.JettyWebAppContext.doStart(JettyWebAppContext.java:293)
	at org.eclipse.jetty.util.component.AbstractLifeCycle.start(AbstractLifeCycle.java:64)
	at org.mortbay.jetty.plugin.JettyRunMojo.restartWebApp(JettyRunMojo.java:435)
	at org.mortbay.jetty.plugin.JettyRunMojo$1.filesChanged(JettyRunMojo.java:394)
	at org.eclipse.jetty.util.Scanner.reportBulkChanges(Scanner.java:685)
	at org.eclipse.jetty.util.Scanner.reportDifferences(Scanner.java:551)
	at org.eclipse.jetty.util.Scanner.scan(Scanner.java:403)
	at org.eclipse.jetty.util.Scanner$1.run(Scanner.java:353)
	at java.util.TimerThread.mainLoop(Timer.java:555)
	at java.util.TimerThread.run(Timer.java:505)
Caused by: Error building results for action categoty in namespace / - action - file:/D:/Workspaces/blog-admin/target/classes/indexBean.xml:28:68
	at com.opensymphony.xwork2.config.providers.XmlConfigurationProvider.addAction(XmlConfigurationProvider.java:367)
	at com.opensymphony.xwork2.config.providers.XmlConfigurationProvider.addPackage(XmlConfigurationProvider.java:468)
	at com.opensymphony.xwork2.config.providers.XmlConfigurationProvider.reloadRequiredPackages(XmlConfigurationProvider.java:290)
	at com.opensymphony.xwork2.config.providers.XmlConfigurationProvider.loadPackages(XmlConfigurationProvider.java:275)
	at org.apache.struts2.config.StrutsXmlConfigurationProvider.loadPackages(StrutsXmlConfigurationProvider.java:111)
	at com.opensymphony.xwork2.config.impl.DefaultConfiguration.reloadContainer(DefaultConfiguration.java:193)
	at com.opensymphony.xwork2.config.ConfigurationManager.getConfiguration(ConfigurationManager.java:55)
	... 21 more
Caused by: There is no result type defined for type 'json' mapped with name 'category'.  Did you mean 'json'? - result - file:/D:/Workspaces/blog-admin/target/classes/indexBean.xml:29:40
	at com.opensymphony.xwork2.config.providers.XmlConfigurationProvider.buildResults(XmlConfigurationProvider.java:621)
	at com.opensymphony.xwork2.config.providers.XmlConfigurationProvider.addAction(XmlConfigurationProvider.java:365)
	... 27 more
2017-01-22 23:22:01,781 [com.opensymphony.xwork2.config.providers.XmlConfigurationProvider]-[INFO] Parsing configuration file [struts-default.xml]
2017-01-22 23:22:01,915 [com.opensymphony.xwork2.config.providers.XmlConfigurationProvider]-[INFO] Parsing configuration file [struts-plugin.xml]
2017-01-22 23:22:01,996 [com.opensymphony.xwork2.config.providers.XmlConfigurationProvider]-[INFO] Parsing configuration file [struts.xml]
2017-01-22 23:22:02,003 [com.opensymphony.xwork2.config.impl.DefaultConfiguration]-[INFO] Overriding property struts.i18n.reload - old value: false new value: true
2017-01-22 23:22:02,126 [org.apache.struts2.spring.StrutsSpringObjectFactory]-[INFO] Initializing Struts-Spring integration...
2017-01-22 23:22:02,127 [com.opensymphony.xwork2.spring.SpringObjectFactory]-[INFO] Setting autowire strategy to name
2017-01-22 23:22:02,127 [org.apache.struts2.spring.StrutsSpringObjectFactory]-[INFO] ... initialized Struts-Spring integration successfully
